<?xml version="1.0" encoding="UTF-8"?>
<testsuite xmlns:xsi="http://www.w3.org/2001/XMLSchema-instance" xsi:noNamespaceSchemaLocation="https://maven.apache.org/surefire/maven-surefire-plugin/xsd/surefire-test-report.xsd" version="3.0.2" name="ru.senla.socialnetwork.SenlaProjectApplicationTests" time="7.44" tests="1" errors="0" skipped="0" failures="0">
  <properties>
[...]
</properties>
  <testcase name="contextLoads" classname="ru.senla.socialnetwork.SenlaProjectApplicationTests" time="0.739">
    <system-out><![CDATA[21:05:55,031 |-INFO in ch.qos.logback.classic.LoggerContext[default] - This is logback-classic version 1.5.18
21:05:55,034 |-INFO in ch.qos.logback.classic.util.ContextInitializer@4397ad89 - Here is a list of configurators discovered as a service, by rank: 
21:05:55,034 |-INFO in ch.qos.logback.classic.util.ContextInitializer@4397ad89 -   org.springframework.boot.logging.logback.RootLogLevelConfigurator
21:05:55,034 |-INFO in ch.qos.logback.classic.util.ContextInitializer@4397ad89 - They will be invoked in order until ExecutionStatus.DO_NOT_INVOKE_NEXT_IF_ANY is returned.
21:05:55,034 |-INFO in ch.qos.logback.classic.util.ContextInitializer@4397ad89 - Constructed configurator of type class org.springframework.boot.logging.logback.RootLogLevelConfigurator
21:05:55,047 |-INFO in ch.qos.logback.classic.util.ContextInitializer@4397ad89 - org.springframework.boot.logging.logback.RootLogLevelConfigurator.configure() call lasted 0 milliseconds. ExecutionStatus=INVOKE_NEXT_IF_ANY
21:05:55,047 |-INFO in ch.qos.logback.classic.util.ContextInitializer@4397ad89 - Trying to configure with ch.qos.logback.classic.joran.SerializedModelConfigurator
21:05:55,048 |-INFO in ch.qos.logback.classic.util.ContextInitializer@4397ad89 - Constructed configurator of type class ch.qos.logback.classic.joran.SerializedModelConfigurator
21:05:55,050 |-INFO in ch.qos.logback.classic.LoggerContext[default] - Could NOT find resource [logback-test.scmo]
21:05:55,051 |-INFO in ch.qos.logback.classic.LoggerContext[default] - Could NOT find resource [logback.scmo]
21:05:55,051 |-INFO in ch.qos.logback.classic.util.ContextInitializer@4397ad89 - ch.qos.logback.classic.joran.SerializedModelConfigurator.configure() call lasted 3 milliseconds. ExecutionStatus=INVOKE_NEXT_IF_ANY
21:05:55,051 |-INFO in ch.qos.logback.classic.util.ContextInitializer@4397ad89 - Trying to configure with ch.qos.logback.classic.util.DefaultJoranConfigurator
21:05:55,051 |-INFO in ch.qos.logback.classic.util.ContextInitializer@4397ad89 - Constructed configurator of type class ch.qos.logback.classic.util.DefaultJoranConfigurator
21:05:55,051 |-INFO in ch.qos.logback.classic.LoggerContext[default] - Could NOT find resource [logback-test.xml]
21:05:55,056 |-INFO in ch.qos.logback.classic.LoggerContext[default] - Found resource [logback.xml] at [file:/C:/Users/%d0%94%d0%b0%d0%bd%d0%b8%d0%b8%d0%bb/Desktop/RTD/socialnetwork/socialnetwork/target/classes/logback.xml]
21:05:55,142 |-INFO in ch.qos.logback.core.model.processor.AppenderModelHandler - Processing appender named [CONSOLE]
21:05:55,142 |-INFO in ch.qos.logback.core.model.processor.AppenderModelHandler - About to instantiate appender of type [ch.qos.logback.core.ConsoleAppender]
21:05:55,150 |-INFO in ch.qos.logback.core.model.processor.ImplicitModelHandler - Assuming default type [ch.qos.logback.classic.encoder.PatternLayoutEncoder] for [encoder] property
21:05:55,208 |-INFO in ch.qos.logback.core.ConsoleAppender[CONSOLE] - BEWARE: Writing to the console can be very slow. Avoid logging to the 
21:05:55,208 |-INFO in ch.qos.logback.core.ConsoleAppender[CONSOLE] - console in production environments, especially in high volume systems.
21:05:55,208 |-INFO in ch.qos.logback.core.ConsoleAppender[CONSOLE] - See also https://logback.qos.ch/codes.html#slowConsole
21:05:55,208 |-INFO in ch.qos.logback.core.model.processor.AppenderModelHandler - Processing appender named [FILE]
21:05:55,208 |-INFO in ch.qos.logback.core.model.processor.AppenderModelHandler - About to instantiate appender of type [ch.qos.logback.core.rolling.RollingFileAppender]
21:05:55,223 |-INFO in ch.qos.logback.core.model.processor.ModelInterpretationContext@59cba5a - value "src/main/log/application.log" substituted for "${ROOT}/application.log"
21:05:55,224 |-INFO in ch.qos.logback.core.model.processor.ImplicitModelHandler - Assuming default type [ch.qos.logback.classic.encoder.PatternLayoutEncoder] for [encoder] property
21:05:55,260 |-INFO in c.q.l.core.rolling.TimeBasedRollingPolicy@466853180 - No compression will be used
21:05:55,276 |-INFO in c.q.l.core.rolling.TimeBasedRollingPolicy@466853180 - Will use the pattern src/main/log/archived/application-%d{yyyy-MM-dd}.%i.log for the active file
21:05:55,278 |-WARN in ch.qos.logback.core.rolling.SizeAndTimeBasedFNATP@6f19ac19 - SizeAndTimeBasedFNATP class was renamed as SizeAndTimeBasedFileNamingAndTriggeringPolicy.
21:05:55,284 |-INFO in ch.qos.logback.core.rolling.SizeAndTimeBasedFNATP@6f19ac19 - The date pattern is 'yyyy-MM-dd' from file name pattern 'src/main/log/archived/application-%d{yyyy-MM-dd}.%i.log'.
21:05:55,284 |-INFO in ch.qos.logback.core.rolling.SizeAndTimeBasedFNATP@6f19ac19 - Roll-over at midnight.
21:05:55,286 |-INFO in ch.qos.logback.core.rolling.SizeAndTimeBasedFNATP@6f19ac19 - Setting initial period to 2025-04-12T18:05:24.997Z
21:05:55,286 |-WARN in ch.qos.logback.core.rolling.SizeAndTimeBasedFNATP@6f19ac19 - Direct use of either SizeAndTimeBasedFNATP or SizeAndTimeBasedFileNamingAndTriggeringPolicy 
21:05:55,286 |-WARN in ch.qos.logback.core.rolling.SizeAndTimeBasedFNATP@6f19ac19 - is deprecated. Please use SizeAndTimeBasedRollingPolicy instead.
21:05:55,286 |-WARN in ch.qos.logback.core.rolling.SizeAndTimeBasedFNATP@6f19ac19 - For more information see https://logback.qos.ch/manual/appenders.html#SizeAndTimeBasedRollingPolicy
21:05:55,297 |-INFO in ch.qos.logback.core.rolling.RollingFileAppender[FILE] - Active log file name: src/main/log/application.log
21:05:55,302 |-INFO in ch.qos.logback.core.rolling.RollingFileAppender[FILE] - Setting currentFileLength to 5692288 for src\main\log\application.log
21:05:55,302 |-INFO in ch.qos.logback.core.rolling.RollingFileAppender[FILE] - File property is set to [src/main/log/application.log]
21:05:55,303 |-INFO in ch.qos.logback.classic.model.processor.RootLoggerModelHandler - Setting level of ROOT logger to INFO
21:05:55,304 |-INFO in ch.qos.logback.core.model.processor.AppenderRefModelHandler - Attaching appender named [FILE] to Logger[ROOT]
21:05:55,305 |-INFO in ch.qos.logback.classic.model.processor.RootLoggerModelHandler - Setting level of ROOT logger to DEBUG
21:05:55,305 |-INFO in ch.qos.logback.core.model.processor.AppenderRefModelHandler - Attaching appender named [CONSOLE] to Logger[ROOT]
21:05:55,305 |-INFO in ch.qos.logback.core.model.processor.DefaultProcessor@119cbf96 - End of configuration.
21:05:55,307 |-INFO in ch.qos.logback.classic.joran.JoranConfigurator@71329995 - Registering current configuration as safe fallback point
21:05:55,307 |-INFO in ch.qos.logback.classic.util.ContextInitializer@4397ad89 - ch.qos.logback.classic.util.DefaultJoranConfigurator.configure() call lasted 256 milliseconds. ExecutionStatus=DO_NOT_INVOKE_NEXT_IF_ANY

2025-04-12 21:05:55,463 DEBUG  DEBUG o.s.b.t.c.SpringBootTestContextBootstrapper: Neither @ContextConfiguration nor @ContextHierarchy found for test class [SenlaProjectApplicationTests]: using SpringBootContextLoader
2025-04-12 21:05:55,465 DEBUG  DEBUG o.s.t.c.s.AbstractContextLoader: Could not detect default resource locations for test class [ru.senla.socialnetwork.SenlaProjectApplicationTests]: no resource found for suffixes {-context.xml, Context.groovy}.
2025-04-12 21:05:55,466 INFO   INFO  o.s.t.c.s.AnnotationConfigContextLoaderUtils: Could not detect default configuration classes for test class [ru.senla.socialnetwork.SenlaProjectApplicationTests]: SenlaProjectApplicationTests does not declare any static, non-private, non-final, nested classes annotated with @Configuration.
2025-04-12 21:05:55,481 DEBUG  DEBUG o.s.b.t.c.SpringBootTestContextBootstrapper: Using ContextCustomizerFactory implementations for test class [SenlaProjectApplicationTests]: [ImportsContextCustomizerFactory, ExcludeFilterContextCustomizerFactory, HttpGraphQlTesterContextCustomizerFactory, DuplicateJsonObjectContextCustomizerFactory, MockitoContextCustomizerFactory, TestRestTemplateContextCustomizerFactory, WebTestClientContextCustomizerFactory, DisableReactorResourceFactoryGlobalResourcesContextCustomizerFactory, OnFailureConditionReportContextCustomizerFactory, OverrideAutoConfigurationContextCustomizerFactory, ObservabilityContextCustomizerFactory, TypeExcludeFiltersContextCustomizerFactory, PropertyMappingContextCustomizerFactory, WebDriverContextCustomizerFactory, BeanOverrideContextCustomizerFactory, MockServerContainerContextCustomizerFactory, DynamicPropertiesContextCustomizerFactory]
2025-04-12 21:05:55,505 DEBUG  DEBUG o.s.b.t.c.SpringBootTestContextBootstrapper: Using ContextCustomizers for test class [SenlaProjectApplicationTests]: [ExcludeFilterContextCustomizer, DuplicateJsonObjectContextCustomizer, MockitoContextCustomizer, TestRestTemplateContextCustomizer, DisableReactorResourceFactoryGlobalResourcesContextCustomizerCustomizer, OnFailureConditionReportContextCustomizer, DisableObservabilityContextCustomizer, PropertyMappingContextCustomizer, WebDriverContextCustomizer, DynamicPropertiesContextCustomizer]
2025-04-12 21:05:55,586 DEBUG  DEBUG o.s.c.a.ClassPathScanningCandidateComponentProvider: Identified candidate component class: file [C:\Users\Даниил\Desktop\RTD\socialnetwork\socialnetwork\target\classes\ru\senla\socialnetwork\SenlaProjectApplication.class]
2025-04-12 21:05:55,588 INFO   INFO  o.s.b.t.c.SpringBootTestContextBootstrapper: Found @SpringBootConfiguration ru.senla.socialnetwork.SenlaProjectApplication for test class ru.senla.socialnetwork.SenlaProjectApplicationTests
2025-04-12 21:05:55,752 DEBUG  DEBUG o.s.t.c.u.TestContextSpringFactoriesUtils: Skipping candidate TestExecutionListener [org.springframework.test.context.observation.MicrometerObservationRegistryTestExecutionListener] due to a missing dependency. Specify custom TestExecutionListener classes or make the default TestExecutionListener classes and their required dependencies available. Offending class: io.micrometer.context.ThreadLocalAccessor. MicrometerObservationRegistryTestExecutionListener requires io.micrometer:micrometer-observation:1.10.8 or higher and io.micrometer:context-propagation:1.0.3 or higher.
2025-04-12 21:05:55,773 DEBUG  DEBUG o.s.b.t.c.SpringBootTestContextBootstrapper: Using TestExecutionListeners for test class [SenlaProjectApplicationTests]: [ServletTestExecutionListener, DirtiesContextBeforeModesTestExecutionListener, ApplicationEventsTestExecutionListener, MockitoTestExecutionListener, BeanOverrideTestExecutionListener, DependencyInjectionTestExecutionListener, DirtiesContextTestExecutionListener, CommonCachesTestExecutionListener, TransactionalTestExecutionListener, SqlScriptsTestExecutionListener, EventPublishingTestExecutionListener, WithSecurityContextTestExecutionListener, ReactorContextTestExecutionListener, ResetMocksTestExecutionListener, RestDocsTestExecutionListener, MockRestServiceServerResetTestExecutionListener, MockMvcPrintOnlyOnFailureTestExecutionListener, WebDriverTestExecutionListener, MockWebServiceServerTestExecutionListener, MockitoResetTestExecutionListener]
2025-04-12 21:05:55,775 DEBUG  DEBUG o.s.t.c.s.DirtiesContextBeforeModesTestExecutionListener: Before test class: class [SenlaProjectApplicationTests], class annotated with @DirtiesContext [false] with mode [null]
21:05:56,073 |-INFO in ch.qos.logback.core.model.processor.AppenderModelHandler - Processing appender named [CONSOLE]
21:05:56,073 |-INFO in ch.qos.logback.core.model.processor.AppenderModelHandler - About to instantiate appender of type [ch.qos.logback.core.ConsoleAppender]
21:05:56,073 |-INFO in ch.qos.logback.core.model.processor.ImplicitModelHandler - Assuming default type [ch.qos.logback.classic.encoder.PatternLayoutEncoder] for [encoder] property
21:05:56,074 |-INFO in ch.qos.logback.core.ConsoleAppender[CONSOLE] - BEWARE: Writing to the console can be very slow. Avoid logging to the 
21:05:56,074 |-INFO in ch.qos.logback.core.ConsoleAppender[CONSOLE] - console in production environments, especially in high volume systems.
21:05:56,074 |-INFO in ch.qos.logback.core.ConsoleAppender[CONSOLE] - See also https://logback.qos.ch/codes.html#slowConsole
21:05:56,074 |-INFO in ch.qos.logback.core.model.processor.AppenderModelHandler - Processing appender named [FILE]
21:05:56,074 |-INFO in ch.qos.logback.core.model.processor.AppenderModelHandler - About to instantiate appender of type [ch.qos.logback.core.rolling.RollingFileAppender]
21:05:56,075 |-INFO in ch.qos.logback.core.model.processor.ModelInterpretationContext@57bd2029 - value "src/main/log/application.log" substituted for "${ROOT}/application.log"
21:05:56,075 |-INFO in ch.qos.logback.core.model.processor.ImplicitModelHandler - Assuming default type [ch.qos.logback.classic.encoder.PatternLayoutEncoder] for [encoder] property
21:05:56,076 |-INFO in c.q.l.core.rolling.TimeBasedRollingPolicy@540923243 - No compression will be used
21:05:56,077 |-INFO in c.q.l.core.rolling.TimeBasedRollingPolicy@540923243 - Will use the pattern src/main/log/archived/application-%d{yyyy-MM-dd}.%i.log for the active file
21:05:56,077 |-WARN in ch.qos.logback.core.rolling.SizeAndTimeBasedFNATP@e8fadb0 - SizeAndTimeBasedFNATP class was renamed as SizeAndTimeBasedFileNamingAndTriggeringPolicy.
21:05:56,077 |-INFO in ch.qos.logback.core.rolling.SizeAndTimeBasedFNATP@e8fadb0 - The date pattern is 'yyyy-MM-dd' from file name pattern 'src/main/log/archived/application-%d{yyyy-MM-dd}.%i.log'.
21:05:56,077 |-INFO in ch.qos.logback.core.rolling.SizeAndTimeBasedFNATP@e8fadb0 - Roll-over at midnight.
21:05:56,078 |-INFO in ch.qos.logback.core.rolling.SizeAndTimeBasedFNATP@e8fadb0 - Setting initial period to 2025-04-12T18:05:55.776Z
21:05:56,078 |-WARN in ch.qos.logback.core.rolling.SizeAndTimeBasedFNATP@e8fadb0 - Direct use of either SizeAndTimeBasedFNATP or SizeAndTimeBasedFileNamingAndTriggeringPolicy 
21:05:56,078 |-WARN in ch.qos.logback.core.rolling.SizeAndTimeBasedFNATP@e8fadb0 - is deprecated. Please use SizeAndTimeBasedRollingPolicy instead.
21:05:56,078 |-WARN in ch.qos.logback.core.rolling.SizeAndTimeBasedFNATP@e8fadb0 - For more information see https://logback.qos.ch/manual/appenders.html#SizeAndTimeBasedRollingPolicy
21:05:56,078 |-INFO in ch.qos.logback.core.rolling.RollingFileAppender[FILE] - Active log file name: src/main/log/application.log
21:05:56,078 |-INFO in ch.qos.logback.core.rolling.RollingFileAppender[FILE] - Setting currentFileLength to 5696770 for src\main\log\application.log
21:05:56,078 |-INFO in ch.qos.logback.core.rolling.RollingFileAppender[FILE] - File property is set to [src/main/log/application.log]
21:05:56,079 |-INFO in ch.qos.logback.classic.model.processor.RootLoggerModelHandler - Setting level of ROOT logger to INFO
21:05:56,079 |-INFO in ch.qos.logback.classic.jul.LevelChangePropagator@6d64b553 - Propagating INFO level on Logger[ROOT] onto the JUL framework
21:05:56,079 |-INFO in ch.qos.logback.core.model.processor.AppenderRefModelHandler - Attaching appender named [FILE] to Logger[ROOT]
21:05:56,080 |-INFO in ch.qos.logback.classic.model.processor.RootLoggerModelHandler - Setting level of ROOT logger to DEBUG
21:05:56,080 |-INFO in ch.qos.logback.classic.jul.LevelChangePropagator@6d64b553 - Propagating DEBUG level on Logger[ROOT] onto the JUL framework
21:05:56,080 |-INFO in ch.qos.logback.core.model.processor.AppenderRefModelHandler - Attaching appender named [CONSOLE] to Logger[ROOT]
21:05:56,080 |-INFO in ch.qos.logback.core.model.processor.DefaultProcessor@53667cbe - End of configuration.
21:05:56,080 |-INFO in org.springframework.boot.logging.logback.SpringBootJoranConfigurator@1d3e6d34 - Registering current configuration as safe fallback point


  .   ____          _            __ _ _
 /\\ / ___'_ __ _ _(_)_ __  __ _ \ \ \ \
( ( )\___ | '_ | '_| | '_ \/ _` | \ \ \ \
 \\/  ___)| |_)| | | | | || (_| |  ) ) ) )
  '  |____| .__|_| |_|_| |_\__, | / / / /
 =========|_|==============|___/=/_/_/_/

 :: Spring Boot ::                (v3.4.4)

2025-04-12 21:05:56,137 DEBUG  DEBUG org.jboss.logging: Logging Provider: org.jboss.logging.Slf4jLoggerProvider found via system property
2025-04-12 21:05:56,138 INFO   INFO  o.h.v.i.util.Version: HV000001: Hibernate Validator 8.0.1.Final
2025-04-12 21:05:56,143 DEBUG  DEBUG o.h.v.i.x.c.ValidationXmlParser: Trying to load META-INF/validation.xml for XML based Validator configuration.
2025-04-12 21:05:56,144 DEBUG  DEBUG o.h.v.i.x.c.ResourceLoaderHelper: Trying to load META-INF/validation.xml via TCCL
2025-04-12 21:05:56,144 DEBUG  DEBUG o.h.v.i.x.c.ResourceLoaderHelper: Trying to load META-INF/validation.xml via Hibernate Validator's class loader
2025-04-12 21:05:56,144 DEBUG  DEBUG o.h.v.i.x.c.ValidationXmlParser: No META-INF/validation.xml found. Using annotation based configuration only.
2025-04-12 21:05:56,152 DEBUG  DEBUG o.h.v.i.e.r.TraversableResolvers: Found jakarta.persistence.Persistence on classpath containing 'getPersistenceUtil'. Assuming JPA 2 environment. Trying to instantiate JPA aware TraversableResolver
2025-04-12 21:05:56,153 DEBUG  DEBUG o.h.v.i.e.r.TraversableResolvers: Instantiated JPA aware TraversableResolver of type org.hibernate.validator.internal.engine.resolver.JPATraversableResolver.
2025-04-12 21:05:56,191 DEBUG  DEBUG o.h.v.m.ResourceBundleMessageInterpolator: Loaded expression factory via original TCCL
2025-04-12 21:05:56,196 INFO   INFO  r.s.s.SenlaProjectApplicationTests: Starting SenlaProjectApplicationTests using Java 21.0.4 with PID 9948 (started by Daniil in C:\Users\Даниил\Desktop\RTD\socialnetwork\socialnetwork)
2025-04-12 21:05:56,197 DEBUG  DEBUG r.s.s.SenlaProjectApplicationTests: Running with Spring Boot v3.4.4, Spring v6.2.5
2025-04-12 21:05:56,197 INFO   INFO  r.s.s.SenlaProjectApplicationTests: No active profile set, falling back to 1 default profile: "default"
2025-04-12 21:05:56,198 DEBUG  DEBUG o.s.b.SpringApplication: Loading source class ru.senla.socialnetwork.SenlaProjectApplication
2025-04-12 21:05:56,236 DEBUG  DEBUG o.s.w.c.s.GenericWebApplicationContext: Refreshing org.springframework.web.context.support.GenericWebApplicationContext@6d467c87
2025-04-12 21:05:56,264 DEBUG  DEBUG o.s.b.f.s.DefaultListableBeanFactory: Creating shared instance of singleton bean 'org.springframework.context.annotation.internalConfigurationAnnotationProcessor'
2025-04-12 21:05:56,292 DEBUG  DEBUG o.s.b.f.s.DefaultListableBeanFactory: Creating shared instance of singleton bean 'org.springframework.boot.autoconfigure.internalCachingMetadataReaderFactory'
2025-04-12 21:05:56,346 DEBUG  DEBUG o.h.v.i.e.ValidatorFactoryConfigurationHelper: HV000252: Using org.hibernate.validator.internal.engine.DefaultPropertyNodeNameProvider as property node name provider.
2025-04-12 21:05:56,370 DEBUG  DEBUG o.s.c.a.ClassPathBeanDefinitionScanner: Identified candidate component class: file [C:\Users\Даниил\Desktop\RTD\socialnetwork\socialnetwork\target\classes\ru\senla\socialnetwork\config\HibernateConfig.class]
2025-04-12 21:05:56,374 DEBUG  DEBUG o.h.v.i.e.ValidatorFactoryConfigurationHelper: HV000234: Using org.hibernate.validator.messageinterpolation.ResourceBundleMessageInterpolator as ValidatorFactory-scoped message interpolator.
2025-04-12 21:05:56,375 DEBUG  DEBUG o.h.v.i.e.ValidatorFactoryConfigurationHelper: HV000234: Using org.hibernate.validator.internal.engine.resolver.JPATraversableResolver as ValidatorFactory-scoped traversable resolver.
2025-04-12 21:05:56,376 DEBUG  DEBUG o.h.v.i.e.ValidatorFactoryConfigurationHelper: HV000234: Using org.hibernate.validator.internal.util.ExecutableParameterNameProvider as ValidatorFactory-scoped parameter name provider.
2025-04-12 21:05:56,377 DEBUG  DEBUG o.h.v.i.e.ValidatorFactoryConfigurationHelper: HV000234: Using org.hibernate.validator.internal.engine.DefaultClockProvider as ValidatorFactory-scoped clock provider.
2025-04-12 21:05:56,377 DEBUG  DEBUG o.h.v.i.e.ValidatorFactoryConfigurationHelper: HV000234: Using org.hibernate.validator.internal.engine.scripting.DefaultScriptEvaluatorFactory as ValidatorFactory-scoped script evaluator factory.
2025-04-12 21:05:56,427 DEBUG  DEBUG o.s.c.a.ClassPathBeanDefinitionScanner: Identified candidate component class: file [C:\Users\Даниил\Desktop\RTD\socialnetwork\socialnetwork\target\classes\ru\senla\socialnetwork\controllers\TestController.class]
2025-04-12 21:05:56,452 DEBUG  DEBUG o.s.c.a.ClassPathBeanDefinitionScanner: Identified candidate component class: file [C:\Users\Даниил\Desktop\RTD\socialnetwork\socialnetwork\target\classes\ru\senla\socialnetwork\repository\UserRepository.class]
2025-04-12 21:05:57,713 DEBUG  DEBUG o.s.b.f.s.DefaultListableBeanFactory: Creating shared instance of singleton bean 'propertySourcesPlaceholderConfigurer'
2025-04-12 21:05:57,722 DEBUG  DEBUG o.s.b.f.s.DefaultListableBeanFactory: Creating shared instance of singleton bean 'org.springframework.boot.test.mock.mockito.MockitoPostProcessor'
2025-04-12 21:05:57,731 DEBUG  DEBUG o.s.b.f.s.DefaultListableBeanFactory: Creating shared instance of singleton bean 'org.springframework.boot.sql.init.dependency.DatabaseInitializationDependencyConfigurer$DependsOnDatabaseInitializationPostProcessor'
2025-04-12 21:05:57,815 DEBUG  DEBUG o.s.b.f.s.DefaultListableBeanFactory: Creating shared instance of singleton bean 'org.springframework.context.event.internalEventListenerProcessor'
2025-04-12 21:05:57,817 DEBUG  DEBUG o.s.b.f.s.DefaultListableBeanFactory: Creating shared instance of singleton bean 'preserveErrorControllerTargetClassPostProcessor'
2025-04-12 21:05:57,819 DEBUG  DEBUG o.s.b.f.s.DefaultListableBeanFactory: Creating shared instance of singleton bean 'forceAutoProxyCreatorToUseClassProxying'
2025-04-12 21:05:57,820 DEBUG  DEBUG o.s.b.f.s.DefaultListableBeanFactory: Creating shared instance of singleton bean 'org.springframework.context.event.internalEventListenerFactory'
2025-04-12 21:05:57,821 DEBUG  DEBUG o.s.b.f.s.DefaultListableBeanFactory: Creating shared instance of singleton bean 'org.springframework.transaction.config.internalTransactionalEventListenerFactory'
2025-04-12 21:05:57,826 DEBUG  DEBUG o.s.b.f.s.DefaultListableBeanFactory: Creating shared instance of singleton bean 'org.springframework.boot.test.mock.mockito.MockitoPostProcessor$SpyPostProcessor'
2025-04-12 21:05:57,827 DEBUG  DEBUG o.s.b.f.s.DefaultListableBeanFactory: Creating shared instance of singleton bean 'org.springframework.context.annotation.internalAutowiredAnnotationProcessor'
2025-04-12 21:05:57,829 DEBUG  DEBUG o.s.b.f.s.DefaultListableBeanFactory: Creating shared instance of singleton bean 'org.springframework.context.annotation.internalCommonAnnotationProcessor'
2025-04-12 21:05:57,833 DEBUG  DEBUG o.s.b.f.s.DefaultListableBeanFactory: Creating shared instance of singleton bean 'org.springframework.context.annotation.internalPersistenceAnnotationProcessor'
2025-04-12 21:05:57,833 DEBUG  DEBUG o.s.b.f.s.DefaultListableBeanFactory: Creating shared instance of singleton bean 'org.springframework.boot.context.properties.ConfigurationPropertiesBindingPostProcessor'
2025-04-12 21:05:57,834 DEBUG  DEBUG o.s.b.f.s.DefaultListableBeanFactory: Creating shared instance of singleton bean 'org.springframework.boot.context.internalConfigurationPropertiesBinder'
2025-04-12 21:05:57,837 DEBUG  DEBUG o.s.b.f.s.DefaultListableBeanFactory: Creating shared instance of singleton bean 'org.springframework.aop.config.internalAutoProxyCreator'
2025-04-12 21:05:57,856 DEBUG  DEBUG o.s.b.f.s.DefaultListableBeanFactory: Creating shared instance of singleton bean 'methodValidationPostProcessor'
2025-04-12 21:05:57,860 DEBUG  DEBUG o.s.b.f.s.DefaultListableBeanFactory: Autowiring by type from bean name 'methodValidationPostProcessor' via factory method to bean named 'environment'
2025-04-12 21:05:57,863 DEBUG  DEBUG o.s.b.f.s.DefaultListableBeanFactory: Creating shared instance of singleton bean 'org.springframework.boot.context.properties.EnableConfigurationPropertiesRegistrar.methodValidationExcludeFilter'
2025-04-12 21:05:57,880 DEBUG  DEBUG o.s.b.f.s.DefaultListableBeanFactory: Creating shared instance of singleton bean 'persistenceExceptionTranslationPostProcessor'
2025-04-12 21:05:57,881 DEBUG  DEBUG o.s.b.f.s.DefaultListableBeanFactory: Autowiring by type from bean name 'persistenceExceptionTranslationPostProcessor' via factory method to bean named 'environment'
2025-04-12 21:05:57,883 DEBUG  DEBUG o.s.b.f.s.DefaultListableBeanFactory: Creating shared instance of singleton bean 'webServerFactoryCustomizerBeanPostProcessor'
2025-04-12 21:05:57,884 DEBUG  DEBUG o.s.b.f.s.DefaultListableBeanFactory: Creating shared instance of singleton bean 'errorPageRegistrarBeanPostProcessor'
2025-04-12 21:05:57,888 DEBUG  DEBUG o.s.u.c.s.UiApplicationContextUtils: Unable to locate ThemeSource with name 'themeSource': using default [org.springframework.ui.context.support.ResourceBundleThemeSource@5b5dce5c]
2025-04-12 21:05:57,889 DEBUG  DEBUG o.s.b.f.s.DefaultListableBeanFactory: Creating shared instance of singleton bean 'org.springframework.test.context.support.internalDynamicPropertyRegistrarBeanInitializer'
2025-04-12 21:05:57,891 DEBUG  DEBUG o.s.b.f.s.DefaultListableBeanFactory: Creating shared instance of singleton bean 'org.springframework.transaction.config.internalTransactionAdvisor'
2025-04-12 21:05:57,891 DEBUG  DEBUG o.s.b.f.s.DefaultListableBeanFactory: Creating shared instance of singleton bean 'org.springframework.transaction.annotation.ProxyTransactionManagementConfiguration'
2025-04-12 21:05:57,897 DEBUG  DEBUG o.s.b.f.s.DefaultListableBeanFactory: Creating shared instance of singleton bean 'transactionAttributeSource'
2025-04-12 21:05:57,899 DEBUG  DEBUG o.s.b.f.s.DefaultListableBeanFactory: Creating shared instance of singleton bean 'transactionInterceptor'
2025-04-12 21:05:57,899 DEBUG  DEBUG o.s.b.f.s.DefaultListableBeanFactory: Autowiring by type from bean name 'transactionInterceptor' via factory method to bean named 'transactionAttributeSource'
2025-04-12 21:05:57,905 DEBUG  DEBUG o.s.b.f.s.DefaultListableBeanFactory: Autowiring by type from bean name 'org.springframework.transaction.config.internalTransactionAdvisor' via factory method to bean named 'transactionAttributeSource'
2025-04-12 21:05:57,905 DEBUG  DEBUG o.s.b.f.s.DefaultListableBeanFactory: Autowiring by type from bean name 'org.springframework.transaction.config.internalTransactionAdvisor' via factory method to bean named 'transactionInterceptor'
2025-04-12 21:05:57,910 DEBUG  DEBUG o.s.b.f.s.DefaultListableBeanFactory: Creating shared instance of singleton bean 'senlaProjectApplication'
2025-04-12 21:05:57,911 DEBUG  DEBUG o.s.b.f.s.DefaultListableBeanFactory: Creating shared instance of singleton bean 'hibernateConfig'
2025-04-12 21:05:57,918 DEBUG  DEBUG o.s.c.e.PropertySourcesPropertyResolver: Found key 'spring.datasource.url' in PropertySource 'environmentProperties' with value of type String
2025-04-12 21:05:57,921 DEBUG  DEBUG o.s.c.e.PropertySourcesPropertyResolver: Found key 'spring.datasource.username' in PropertySource 'environmentProperties' with value of type String
2025-04-12 21:05:57,922 DEBUG  DEBUG o.s.c.e.PropertySourcesPropertyResolver: Found key 'spring.datasource.password' in PropertySource 'environmentProperties' with value of type String
2025-04-12 21:05:57,924 DEBUG  DEBUG o.s.b.f.s.DefaultListableBeanFactory: Creating shared instance of singleton bean 'testController'
2025-04-12 21:05:57,926 DEBUG  DEBUG o.s.b.f.s.DefaultListableBeanFactory: Creating shared instance of singleton bean 'userRepository'
2025-04-12 21:05:57,927 DEBUG  DEBUG o.s.b.f.s.DefaultListableBeanFactory: Creating shared instance of singleton bean 'dataSourceScriptDatabaseInitializer'
2025-04-12 21:05:57,927 DEBUG  DEBUG o.s.b.f.s.DefaultListableBeanFactory: Creating shared instance of singleton bean 'org.springframework.boot.autoconfigure.sql.init.DataSourceInitializationConfiguration'
2025-04-12 21:05:57,928 DEBUG  DEBUG o.s.b.f.s.DefaultListableBeanFactory: Creating shared instance of singleton bean 'dataSource'
2025-04-12 21:05:57,931 DEBUG  DEBUG c.z.h.HikariConfig: Class org.postgresql.Driver found in Thread context class loader jdk.internal.loader.ClassLoaders$AppClassLoader@33909752
2025-04-12 21:05:57,935 DEBUG  DEBUG c.z.h.HikariConfig: HikariPool-1 - configuration:
2025-04-12 21:05:57,940 DEBUG  DEBUG c.z.h.HikariConfig: allowPoolSuspension.............false
2025-04-12 21:05:57,940 DEBUG  DEBUG c.z.h.HikariConfig: autoCommit......................true
2025-04-12 21:05:57,941 DEBUG  DEBUG c.z.h.HikariConfig: catalog.........................none
2025-04-12 21:05:57,941 DEBUG  DEBUG c.z.h.HikariConfig: connectionInitSql...............none
2025-04-12 21:05:57,941 DEBUG  DEBUG c.z.h.HikariConfig: connectionTestQuery.............none
2025-04-12 21:05:57,942 DEBUG  DEBUG c.z.h.HikariConfig: connectionTimeout...............30000
2025-04-12 21:05:57,942 DEBUG  DEBUG c.z.h.HikariConfig: credentials.....................com.zaxxer.hikari.util.Credentials@6a1d526c
2025-04-12 21:05:57,942 DEBUG  DEBUG c.z.h.HikariConfig: dataSource......................none
2025-04-12 21:05:57,943 DEBUG  DEBUG c.z.h.HikariConfig: dataSourceClassName.............none
2025-04-12 21:05:57,943 DEBUG  DEBUG c.z.h.HikariConfig: dataSourceJNDI..................none
2025-04-12 21:05:57,944 DEBUG  DEBUG c.z.h.HikariConfig: dataSourceProperties............{password=<masked>}
2025-04-12 21:05:57,944 DEBUG  DEBUG c.z.h.HikariConfig: driverClassName................."org.postgresql.Driver"
2025-04-12 21:05:57,944 DEBUG  DEBUG c.z.h.HikariConfig: exceptionOverride...............none
2025-04-12 21:05:57,945 DEBUG  DEBUG c.z.h.HikariConfig: exceptionOverrideClassName......none
2025-04-12 21:05:57,946 DEBUG  DEBUG c.z.h.HikariConfig: healthCheckProperties...........{}
2025-04-12 21:05:57,946 DEBUG  DEBUG c.z.h.HikariConfig: healthCheckRegistry.............none
2025-04-12 21:05:57,947 DEBUG  DEBUG c.z.h.HikariConfig: idleTimeout.....................600000
2025-04-12 21:05:57,947 DEBUG  DEBUG c.z.h.HikariConfig: initializationFailTimeout.......1
2025-04-12 21:05:57,947 DEBUG  DEBUG c.z.h.HikariConfig: isolateInternalQueries..........false
2025-04-12 21:05:57,947 DEBUG  DEBUG c.z.h.HikariConfig: jdbcUrl.........................jdbc:postgresql://localhost:5432/senlaproject
2025-04-12 21:05:57,947 DEBUG  DEBUG c.z.h.HikariConfig: keepaliveTime...................120000
2025-04-12 21:05:57,947 DEBUG  DEBUG c.z.h.HikariConfig: leakDetectionThreshold..........0
2025-04-12 21:05:57,948 DEBUG  DEBUG c.z.h.HikariConfig: maxLifetime.....................1800000
2025-04-12 21:05:57,948 DEBUG  DEBUG c.z.h.HikariConfig: maximumPoolSize.................5
2025-04-12 21:05:57,948 DEBUG  DEBUG c.z.h.HikariConfig: metricRegistry..................none
2025-04-12 21:05:57,948 DEBUG  DEBUG c.z.h.HikariConfig: metricsTrackerFactory...........none
2025-04-12 21:05:57,948 DEBUG  DEBUG c.z.h.HikariConfig: minimumIdle.....................5
2025-04-12 21:05:57,949 DEBUG  DEBUG c.z.h.HikariConfig: password........................<masked>
2025-04-12 21:05:57,949 DEBUG  DEBUG c.z.h.HikariConfig: poolName........................"HikariPool-1"
2025-04-12 21:05:57,950 DEBUG  DEBUG c.z.h.HikariConfig: readOnly........................false
2025-04-12 21:05:57,950 DEBUG  DEBUG c.z.h.HikariConfig: registerMbeans..................false
2025-04-12 21:05:57,950 DEBUG  DEBUG c.z.h.HikariConfig: scheduledExecutor...............none
2025-04-12 21:05:57,950 DEBUG  DEBUG c.z.h.HikariConfig: schema..........................none
2025-04-12 21:05:57,951 DEBUG  DEBUG c.z.h.HikariConfig: threadFactory...................internal
2025-04-12 21:05:57,951 DEBUG  DEBUG c.z.h.HikariConfig: transactionIsolation............default
2025-04-12 21:05:57,951 DEBUG  DEBUG c.z.h.HikariConfig: username........................"senla_user"
2025-04-12 21:05:57,952 DEBUG  DEBUG c.z.h.HikariConfig: validationTimeout...............5000
2025-04-12 21:05:57,958 INFO   INFO  c.z.h.HikariDataSource: HikariPool-1 - Starting...
2025-04-12 21:05:58,018 DEBUG  DEBUG c.z.h.pool.PoolBase: HikariPool-1 - Attempting to create/setup new connection (fbdf257b-df9a-4cad-91e7-b7eaead0aa27)
2025-04-12 21:05:58,021 DEBUG  DEBUG o.postgresql.Driver: Loading driver configuration via classloader jdk.internal.loader.ClassLoaders$AppClassLoader@33909752
2025-04-12 21:05:58,025 DEBUG  DEBUG o.postgresql.Driver: Connecting with URL: jdbc:postgresql://localhost:5432/senlaproject
2025-04-12 21:05:58,039 DEBUG  DEBUG o.p.j.PgConnection: PostgreSQL JDBC Driver 42.7.5
2025-04-12 21:05:58,041 DEBUG  DEBUG o.p.j.PgConnection:   setDefaultFetchSize = 0
2025-04-12 21:05:58,042 DEBUG  DEBUG o.p.j.PgConnection:   setPrepareThreshold = 5
2025-04-12 21:05:58,050 DEBUG  DEBUG o.p.c.v.ConnectionFactoryImpl: Trying to establish a protocol version 3 connection to localhost:5432
2025-04-12 21:05:58,087 DEBUG  DEBUG o.p.c.v.ConnectionFactoryImpl: Receive Buffer Size is 65 536
2025-04-12 21:05:58,108 DEBUG  DEBUG o.p.c.v.ConnectionFactoryImpl: Send Buffer Size is 65 536
2025-04-12 21:05:58,299 DEBUG  DEBUG c.z.h.pool.PoolBase: HikariPool-1 - Established new connection (fbdf257b-df9a-4cad-91e7-b7eaead0aa27)
2025-04-12 21:05:58,301 INFO   INFO  c.z.h.p.HikariPool: HikariPool-1 - Added connection org.postgresql.jdbc.PgConnection@42507640
2025-04-12 21:05:58,304 INFO   INFO  c.z.h.HikariDataSource: HikariPool-1 - Start completed.
2025-04-12 21:05:58,320 DEBUG  DEBUG o.s.b.f.s.DefaultListableBeanFactory: Creating shared instance of singleton bean 'spring.sql.init-org.springframework.boot.autoconfigure.sql.init.SqlInitializationProperties'
2025-04-12 21:05:58,324 DEBUG  DEBUG o.s.b.f.s.DefaultListableBeanFactory: Creating shared instance of singleton bean 'org.springframework.boot.context.properties.BoundConfigurationProperties'
2025-04-12 21:05:58,341 DEBUG  DEBUG o.s.b.f.s.DefaultListableBeanFactory: Autowiring by type from bean name 'dataSourceScriptDatabaseInitializer' via factory method to bean named 'dataSource'
2025-04-12 21:05:58,342 DEBUG  DEBUG o.s.b.f.s.DefaultListableBeanFactory: Autowiring by type from bean name 'dataSourceScriptDatabaseInitializer' via factory method to bean named 'spring.sql.init-org.springframework.boot.autoconfigure.sql.init.SqlInitializationProperties'
2025-04-12 21:05:58,355 DEBUG  DEBUG o.s.b.f.s.DefaultListableBeanFactory: Creating shared instance of singleton bean 'sessionFactory'
2025-04-12 21:05:58,357 DEBUG  DEBUG o.s.b.f.s.DefaultListableBeanFactory: Autowiring by type from bean name 'sessionFactory' via factory method to bean named 'dataSource'
2025-04-12 21:05:58,414 DEBUG  DEBUG c.z.h.p.HikariPool: HikariPool-1 - Pool stats (total=1/5, idle=1/5, active=0, waiting=0)
2025-04-12 21:05:58,416 DEBUG  DEBUG c.z.h.pool.PoolBase: HikariPool-1 - Attempting to create/setup new connection (c06dde22-4b6b-41d5-9335-f7b1435af624)
2025-04-12 21:05:58,423 DEBUG  DEBUG o.postgresql.Driver: Connecting with URL: jdbc:postgresql://localhost:5432/senlaproject
2025-04-12 21:05:58,424 DEBUG  DEBUG o.p.j.PgConnection: PostgreSQL JDBC Driver 42.7.5
2025-04-12 21:05:58,424 DEBUG  DEBUG o.p.j.PgConnection:   setDefaultFetchSize = 0
2025-04-12 21:05:58,425 DEBUG  DEBUG o.p.j.PgConnection:   setPrepareThreshold = 5
2025-04-12 21:05:58,426 DEBUG  DEBUG o.p.c.v.ConnectionFactoryImpl: Trying to establish a protocol version 3 connection to localhost:5432
2025-04-12 21:05:58,428 DEBUG  DEBUG o.p.c.v.ConnectionFactoryImpl: Receive Buffer Size is 65 536
2025-04-12 21:05:58,429 DEBUG  DEBUG o.p.c.v.ConnectionFactoryImpl: Send Buffer Size is 65 536
2025-04-12 21:05:58,445 DEBUG  DEBUG o.h.i.i.IntegratorServiceImpl: Adding Integrator [org.hibernate.boot.beanvalidation.BeanValidationIntegrator].
2025-04-12 21:05:58,450 DEBUG  DEBUG o.h.i.i.IntegratorServiceImpl: Adding Integrator [org.hibernate.cache.internal.CollectionCacheInvalidator].
2025-04-12 21:05:58,493 DEBUG  DEBUG c.z.h.pool.PoolBase: HikariPool-1 - Established new connection (c06dde22-4b6b-41d5-9335-f7b1435af624)
2025-04-12 21:05:58,494 DEBUG  DEBUG c.z.h.p.HikariPool: HikariPool-1 - Added connection org.postgresql.jdbc.PgConnection@332aeb1a
2025-04-12 21:05:58,502 INFO   INFO  o.hibernate.Version: HHH000412: Hibernate ORM core version 6.6.8.Final
2025-04-12 21:05:58,505 DEBUG  DEBUG o.h.cfg.Environment: HHH000206: 'hibernate.properties' not found
2025-04-12 21:05:58,539 DEBUG  DEBUG c.z.h.p.HikariPool: HikariPool-1 - After adding stats (total=2/5, idle=2/5, active=0, waiting=0)
2025-04-12 21:05:58,539 DEBUG  DEBUG c.z.h.pool.PoolBase: HikariPool-1 - Attempting to create/setup new connection (2da4c0eb-8637-4d04-aaec-3c428bccb910)
2025-04-12 21:05:58,540 DEBUG  DEBUG o.postgresql.Driver: Connecting with URL: jdbc:postgresql://localhost:5432/senlaproject
2025-04-12 21:05:58,540 DEBUG  DEBUG o.p.j.PgConnection: PostgreSQL JDBC Driver 42.7.5
2025-04-12 21:05:58,540 DEBUG  DEBUG o.p.j.PgConnection:   setDefaultFetchSize = 0
2025-04-12 21:05:58,540 DEBUG  DEBUG o.p.j.PgConnection:   setPrepareThreshold = 5
2025-04-12 21:05:58,540 DEBUG  DEBUG o.p.c.v.ConnectionFactoryImpl: Trying to establish a protocol version 3 connection to localhost:5432
2025-04-12 21:05:58,542 DEBUG  DEBUG o.p.c.v.ConnectionFactoryImpl: Receive Buffer Size is 65 536
2025-04-12 21:05:58,542 DEBUG  DEBUG o.p.c.v.ConnectionFactoryImpl: Send Buffer Size is 65 536
2025-04-12 21:05:58,550 DEBUG  DEBUG o.s.c.i.s.PathMatchingResourcePatternResolver: Skipping search for files matching pattern [**/*.class]: directory [C:\Users\Даниил\Desktop\RTD\socialnetwork\socialnetwork\target\test-classes\ru\senla\socialnetwork\model] does not exist
2025-04-12 21:05:58,555 DEBUG  DEBUG o.h.c.Configuration: Building session factory using internal StandardServiceRegistryBuilder
2025-04-12 21:05:58,565 DEBUG  DEBUG o.h.c.Configuration: Building session factory using provided StandardServiceRegistry
2025-04-12 21:05:58,584 DEBUG  DEBUG o.h.o.idgen.factory: Ignoring CDI for resolving IdentifierGenerator instances as extended or delayed CDI support was enabled
2025-04-12 21:05:58,588 DEBUG  DEBUG o.h.o.idgen.factory: Registering IdentifierGenerator strategy [uuid2] -> [org.hibernate.id.UUIDGenerator]
2025-04-12 21:05:58,589 DEBUG  DEBUG o.h.o.idgen.factory: Registering IdentifierGenerator strategy [guid] -> [org.hibernate.id.GUIDGenerator]
2025-04-12 21:05:58,590 DEBUG  DEBUG o.h.o.idgen.factory: Registering IdentifierGenerator strategy [uuid] -> [org.hibernate.id.UUIDHexGenerator]
2025-04-12 21:05:58,590 DEBUG  DEBUG o.h.o.idgen.factory: Registering IdentifierGenerator strategy [uuid.hex] -> [org.hibernate.id.UUIDHexGenerator]
2025-04-12 21:05:58,591 DEBUG  DEBUG o.h.o.idgen.factory: Registering IdentifierGenerator strategy [assigned] -> [org.hibernate.id.Assigned]
2025-04-12 21:05:58,592 DEBUG  DEBUG o.h.o.idgen.factory: Registering IdentifierGenerator strategy [identity] -> [org.hibernate.id.IdentityGenerator]
2025-04-12 21:05:58,593 DEBUG  DEBUG o.h.o.idgen.factory: Registering IdentifierGenerator strategy [select] -> [org.hibernate.id.SelectGenerator]
2025-04-12 21:05:58,596 DEBUG  DEBUG o.h.o.idgen.factory: Registering IdentifierGenerator strategy [sequence] -> [org.hibernate.id.enhanced.SequenceStyleGenerator]
2025-04-12 21:05:58,597 DEBUG  DEBUG o.h.o.idgen.factory: Registering IdentifierGenerator strategy [increment] -> [org.hibernate.id.IncrementGenerator]
2025-04-12 21:05:58,598 DEBUG  DEBUG o.h.o.idgen.factory: Registering IdentifierGenerator strategy [foreign] -> [org.hibernate.id.ForeignGenerator]
2025-04-12 21:05:58,598 DEBUG  DEBUG o.h.o.idgen.factory: Registering IdentifierGenerator strategy [enhanced-sequence] -> [org.hibernate.id.enhanced.SequenceStyleGenerator]
2025-04-12 21:05:58,599 DEBUG  DEBUG o.h.o.idgen.factory: Registering IdentifierGenerator strategy [enhanced-table] -> [org.hibernate.id.enhanced.TableGenerator]
2025-04-12 21:05:58,611 DEBUG  DEBUG c.z.h.pool.PoolBase: HikariPool-1 - Established new connection (2da4c0eb-8637-4d04-aaec-3c428bccb910)
2025-04-12 21:05:58,612 DEBUG  DEBUG c.z.h.p.HikariPool: HikariPool-1 - Added connection org.postgresql.jdbc.PgConnection@39d2806a
2025-04-12 21:05:58,617 DEBUG  DEBUG o.h.c.i.RegionFactoryInitiator: Cannot default RegionFactory based on registered strategies as `[]` RegionFactory strategies were registered
2025-04-12 21:05:58,619 INFO   INFO  o.h.c.i.RegionFactoryInitiator: HHH000026: Second-level cache disabled
2025-04-12 21:05:58,651 DEBUG  DEBUG c.z.h.p.HikariPool: HikariPool-1 - After adding stats (total=3/5, idle=3/5, active=0, waiting=0)
2025-04-12 21:05:58,651 DEBUG  DEBUG c.z.h.pool.PoolBase: HikariPool-1 - Attempting to create/setup new connection (bffc1e2d-ac95-4a6f-a336-d09fff21e0d9)
2025-04-12 21:05:58,651 DEBUG  DEBUG o.postgresql.Driver: Connecting with URL: jdbc:postgresql://localhost:5432/senlaproject
2025-04-12 21:05:58,651 DEBUG  DEBUG o.p.j.PgConnection: PostgreSQL JDBC Driver 42.7.5
2025-04-12 21:05:58,652 DEBUG  DEBUG o.p.j.PgConnection:   setDefaultFetchSize = 0
2025-04-12 21:05:58,652 DEBUG  DEBUG o.p.j.PgConnection:   setPrepareThreshold = 5
2025-04-12 21:05:58,653 DEBUG  DEBUG o.p.c.v.ConnectionFactoryImpl: Trying to establish a protocol version 3 connection to localhost:5432
2025-04-12 21:05:58,654 DEBUG  DEBUG o.p.c.v.ConnectionFactoryImpl: Receive Buffer Size is 65 536
2025-04-12 21:05:58,654 DEBUG  DEBUG o.p.c.v.ConnectionFactoryImpl: Send Buffer Size is 65 536
2025-04-12 21:05:58,705 DEBUG  DEBUG c.z.h.pool.PoolBase: HikariPool-1 - Established new connection (bffc1e2d-ac95-4a6f-a336-d09fff21e0d9)
2025-04-12 21:05:58,705 DEBUG  DEBUG c.z.h.p.HikariPool: HikariPool-1 - Added connection org.postgresql.jdbc.PgConnection@7cd00934
2025-04-12 21:05:58,735 DEBUG  DEBUG o.h.t.BasicTypeRegistry: Adding type registration boolean -> org.hibernate.type.BasicTypeReference@3e5beab5
2025-04-12 21:05:58,735 DEBUG  DEBUG o.h.t.BasicTypeRegistry: Adding type registration boolean -> org.hibernate.type.BasicTypeReference@3e5beab5
2025-04-12 21:05:58,735 DEBUG  DEBUG o.h.t.BasicTypeRegistry: Adding type registration java.lang.Boolean -> org.hibernate.type.BasicTypeReference@3e5beab5
2025-04-12 21:05:58,735 DEBUG  DEBUG o.h.t.BasicTypeRegistry: Adding type registration numeric_boolean -> org.hibernate.type.BasicTypeReference@7c588adc
2025-04-12 21:05:58,736 DEBUG  DEBUG o.h.t.BasicTypeRegistry: Adding type registration org.hibernate.type.NumericBooleanConverter -> org.hibernate.type.BasicTypeReference@7c588adc
2025-04-12 21:05:58,736 DEBUG  DEBUG o.h.t.BasicTypeRegistry: Adding type registration true_false -> org.hibernate.type.BasicTypeReference@33ec2c0c
2025-04-12 21:05:58,736 DEBUG  DEBUG o.h.t.BasicTypeRegistry: Adding type registration org.hibernate.type.TrueFalseConverter -> org.hibernate.type.BasicTypeReference@33ec2c0c
2025-04-12 21:05:58,736 DEBUG  DEBUG o.h.t.BasicTypeRegistry: Adding type registration yes_no -> org.hibernate.type.BasicTypeReference@5968800d
2025-04-12 21:05:58,736 DEBUG  DEBUG o.h.t.BasicTypeRegistry: Adding type registration org.hibernate.type.YesNoConverter -> org.hibernate.type.BasicTypeReference@5968800d
2025-04-12 21:05:58,736 DEBUG  DEBUG o.h.t.BasicTypeRegistry: Adding type registration byte -> org.hibernate.type.BasicTypeReference@3887c7d7
2025-04-12 21:05:58,736 DEBUG  DEBUG o.h.t.BasicTypeRegistry: Adding type registration byte -> org.hibernate.type.BasicTypeReference@3887c7d7
2025-04-12 21:05:58,736 DEBUG  DEBUG o.h.t.BasicTypeRegistry: Adding type registration java.lang.Byte -> org.hibernate.type.BasicTypeReference@3887c7d7
2025-04-12 21:05:58,737 DEBUG  DEBUG o.h.t.BasicTypeRegistry: Adding type registration binary -> org.hibernate.type.BasicTypeReference@b1b471
2025-04-12 21:05:58,737 DEBUG  DEBUG o.h.t.BasicTypeRegistry: Adding type registration byte[] -> org.hibernate.type.BasicTypeReference@b1b471
2025-04-12 21:05:58,737 DEBUG  DEBUG o.h.t.BasicTypeRegistry: Adding type registration [B -> org.hibernate.type.BasicTypeReference@b1b471
2025-04-12 21:05:58,737 DEBUG  DEBUG o.h.t.BasicTypeRegistry: Adding type registration binary_wrapper -> org.hibernate.type.BasicTypeReference@526f6427
2025-04-12 21:05:58,737 DEBUG  DEBUG o.h.t.BasicTypeRegistry: Adding type registration wrapper-binary -> org.hibernate.type.BasicTypeReference@526f6427
2025-04-12 21:05:58,737 DEBUG  DEBUG o.h.t.BasicTypeRegistry: Adding type registration image -> org.hibernate.type.BasicTypeReference@4f1afe8f
2025-04-12 21:05:58,737 DEBUG  DEBUG o.h.t.BasicTypeRegistry: Adding type registration blob -> org.hibernate.type.BasicTypeReference@492521c4
2025-04-12 21:05:58,737 DEBUG  DEBUG o.h.t.BasicTypeRegistry: Adding type registration java.sql.Blob -> org.hibernate.type.BasicTypeReference@492521c4
2025-04-12 21:05:58,737 DEBUG  DEBUG o.h.t.BasicTypeRegistry: Adding type registration materialized_blob -> org.hibernate.type.BasicTypeReference@443a06ad
2025-04-12 21:05:58,737 DEBUG  DEBUG o.h.t.BasicTypeRegistry: Adding type registration materialized_blob_wrapper -> org.hibernate.type.BasicTypeReference@6ddd1c51
2025-04-12 21:05:58,737 DEBUG  DEBUG o.h.t.BasicTypeRegistry: Adding type registration short -> org.hibernate.type.BasicTypeReference@752b69e3
2025-04-12 21:05:58,737 DEBUG  DEBUG o.h.t.BasicTypeRegistry: Adding type registration short -> org.hibernate.type.BasicTypeReference@752b69e3
2025-04-12 21:05:58,737 DEBUG  DEBUG o.h.t.BasicTypeRegistry: Adding type registration java.lang.Short -> org.hibernate.type.BasicTypeReference@752b69e3
2025-04-12 21:05:58,738 DEBUG  DEBUG o.h.t.BasicTypeRegistry: Adding type registration integer -> org.hibernate.type.BasicTypeReference@15605d83
2025-04-12 21:05:58,738 DEBUG  DEBUG o.h.t.BasicTypeRegistry: Adding type registration int -> org.hibernate.type.BasicTypeReference@15605d83
2025-04-12 21:05:58,738 DEBUG  DEBUG o.h.t.BasicTypeRegistry: Adding type registration java.lang.Integer -> org.hibernate.type.BasicTypeReference@15605d83
2025-04-12 21:05:58,738 DEBUG  DEBUG o.h.t.BasicTypeRegistry: Adding type registration long -> org.hibernate.type.BasicTypeReference@1fb2eec
2025-04-12 21:05:58,738 DEBUG  DEBUG o.h.t.BasicTypeRegistry: Adding type registration long -> org.hibernate.type.BasicTypeReference@1fb2eec
2025-04-12 21:05:58,738 DEBUG  DEBUG o.h.t.BasicTypeRegistry: Adding type registration java.lang.Long -> org.hibernate.type.BasicTypeReference@1fb2eec
2025-04-12 21:05:58,738 DEBUG  DEBUG o.h.t.BasicTypeRegistry: Adding type registration float -> org.hibernate.type.BasicTypeReference@4c18516
2025-04-12 21:05:58,738 DEBUG  DEBUG o.h.t.BasicTypeRegistry: Adding type registration float -> org.hibernate.type.BasicTypeReference@4c18516
2025-04-12 21:05:58,738 DEBUG  DEBUG o.h.t.BasicTypeRegistry: Adding type registration java.lang.Float -> org.hibernate.type.BasicTypeReference@4c18516
2025-04-12 21:05:58,738 DEBUG  DEBUG o.h.t.BasicTypeRegistry: Adding type registration double -> org.hibernate.type.BasicTypeReference@2a0b901c
2025-04-12 21:05:58,738 DEBUG  DEBUG o.h.t.BasicTypeRegistry: Adding type registration double -> org.hibernate.type.BasicTypeReference@2a0b901c
2025-04-12 21:05:58,739 DEBUG  DEBUG o.h.t.BasicTypeRegistry: Adding type registration java.lang.Double -> org.hibernate.type.BasicTypeReference@2a0b901c
2025-04-12 21:05:58,739 DEBUG  DEBUG o.h.t.BasicTypeRegistry: Adding type registration big_integer -> org.hibernate.type.BasicTypeReference@3d104c9b
2025-04-12 21:05:58,739 DEBUG  DEBUG o.h.t.BasicTypeRegistry: Adding type registration java.math.BigInteger -> org.hibernate.type.BasicTypeReference@3d104c9b
2025-04-12 21:05:58,739 DEBUG  DEBUG o.h.t.BasicTypeRegistry: Adding type registration big_decimal -> org.hibernate.type.BasicTypeReference@6544899b
2025-04-12 21:05:58,739 DEBUG  DEBUG o.h.t.BasicTypeRegistry: Adding type registration java.math.BigDecimal -> org.hibernate.type.BasicTypeReference@6544899b
2025-04-12 21:05:58,739 DEBUG  DEBUG o.h.t.BasicTypeRegistry: Adding type registration character -> org.hibernate.type.BasicTypeReference@6da54910
2025-04-12 21:05:58,739 DEBUG  DEBUG o.h.t.BasicTypeRegistry: Adding type registration char -> org.hibernate.type.BasicTypeReference@6da54910
2025-04-12 21:05:58,739 DEBUG  DEBUG o.h.t.BasicTypeRegistry: Adding type registration java.lang.Character -> org.hibernate.type.BasicTypeReference@6da54910
2025-04-12 21:05:58,739 DEBUG  DEBUG o.h.t.BasicTypeRegistry: Adding type registration character_nchar -> org.hibernate.type.BasicTypeReference@1bd8afc8
2025-04-12 21:05:58,739 DEBUG  DEBUG o.h.t.BasicTypeRegistry: Adding type registration string -> org.hibernate.type.BasicTypeReference@24134cbc
2025-04-12 21:05:58,739 DEBUG  DEBUG o.h.t.BasicTypeRegistry: Adding type registration java.lang.String -> org.hibernate.type.BasicTypeReference@24134cbc
2025-04-12 21:05:58,739 DEBUG  DEBUG o.h.t.BasicTypeRegistry: Adding type registration nstring -> org.hibernate.type.BasicTypeReference@65da01f4
2025-04-12 21:05:58,740 DEBUG  DEBUG o.h.t.BasicTypeRegistry: Adding type registration characters -> org.hibernate.type.BasicTypeReference@22f02996
2025-04-12 21:05:58,740 DEBUG  DEBUG o.h.t.BasicTypeRegistry: Adding type registration char[] -> org.hibernate.type.BasicTypeReference@22f02996
2025-04-12 21:05:58,740 DEBUG  DEBUG o.h.t.BasicTypeRegistry: Adding type registration [C -> org.hibernate.type.BasicTypeReference@22f02996
2025-04-12 21:05:58,741 DEBUG  DEBUG o.h.t.BasicTypeRegistry: Adding type registration wrapper-characters -> org.hibernate.type.BasicTypeReference@7c8874ef
2025-04-12 21:05:58,741 DEBUG  DEBUG o.h.t.BasicTypeRegistry: Adding type registration text -> org.hibernate.type.BasicTypeReference@42c0a16e
2025-04-12 21:05:58,742 DEBUG  DEBUG o.h.t.BasicTypeRegistry: Adding type registration ntext -> org.hibernate.type.BasicTypeReference@77a0dd63
2025-04-12 21:05:58,742 DEBUG  DEBUG o.h.t.BasicTypeRegistry: Adding type registration clob -> org.hibernate.type.BasicTypeReference@543fe698
2025-04-12 21:05:58,742 DEBUG  DEBUG o.h.t.BasicTypeRegistry: Adding type registration java.sql.Clob -> org.hibernate.type.BasicTypeReference@543fe698
2025-04-12 21:05:58,742 DEBUG  DEBUG o.h.t.BasicTypeRegistry: Adding type registration nclob -> org.hibernate.type.BasicTypeReference@6b2fdffc
2025-04-12 21:05:58,742 DEBUG  DEBUG o.h.t.BasicTypeRegistry: Adding type registration java.sql.NClob -> org.hibernate.type.BasicTypeReference@6b2fdffc
2025-04-12 21:05:58,742 DEBUG  DEBUG o.h.t.BasicTypeRegistry: Adding type registration materialized_clob -> org.hibernate.type.BasicTypeReference@2ca3d826
2025-04-12 21:05:58,742 DEBUG  DEBUG o.h.t.BasicTypeRegistry: Adding type registration materialized_clob_char_array -> org.hibernate.type.BasicTypeReference@5d194314
2025-04-12 21:05:58,744 DEBUG  DEBUG o.h.t.BasicTypeRegistry: Adding type registration materialized_clob_character_array -> org.hibernate.type.BasicTypeReference@76396509
2025-04-12 21:05:58,745 DEBUG  DEBUG c.z.h.p.HikariPool: HikariPool-1 - After adding stats (total=4/5, idle=4/5, active=0, waiting=0)
2025-04-12 21:05:58,746 DEBUG  DEBUG o.h.t.BasicTypeRegistry: Adding type registration materialized_nclob -> org.hibernate.type.BasicTypeReference@637c840d
2025-04-12 21:05:58,746 DEBUG  DEBUG c.z.h.pool.PoolBase: HikariPool-1 - Attempting to create/setup new connection (550efc9b-c8e7-4922-9c7a-88a50fc168ce)
2025-04-12 21:05:58,746 DEBUG  DEBUG o.h.t.BasicTypeRegistry: Adding type registration materialized_nclob_character_array -> org.hibernate.type.BasicTypeReference@51ac12ac
2025-04-12 21:05:58,747 DEBUG  DEBUG o.postgresql.Driver: Connecting with URL: jdbc:postgresql://localhost:5432/senlaproject
2025-04-12 21:05:58,747 DEBUG  DEBUG o.p.j.PgConnection: PostgreSQL JDBC Driver 42.7.5
2025-04-12 21:05:58,747 DEBUG  DEBUG o.h.t.BasicTypeRegistry: Adding type registration materialized_nclob_char_array -> org.hibernate.type.BasicTypeReference@463afa6e
2025-04-12 21:05:58,749 DEBUG  DEBUG o.h.t.BasicTypeRegistry: Adding type registration Duration -> org.hibernate.type.BasicTypeReference@7b96de8d
2025-04-12 21:05:58,749 DEBUG  DEBUG o.h.t.BasicTypeRegistry: Adding type registration java.time.Duration -> org.hibernate.type.BasicTypeReference@7b96de8d
2025-04-12 21:05:58,749 DEBUG  DEBUG o.h.t.BasicTypeRegistry: Adding type registration LocalDateTime -> org.hibernate.type.BasicTypeReference@7ccd611e
2025-04-12 21:05:58,749 DEBUG  DEBUG o.h.t.BasicTypeRegistry: Adding type registration java.time.LocalDateTime -> org.hibernate.type.BasicTypeReference@7ccd611e
2025-04-12 21:05:58,749 DEBUG  DEBUG o.h.t.BasicTypeRegistry: Adding type registration LocalDate -> org.hibernate.type.BasicTypeReference@4dc52559
2025-04-12 21:05:58,749 DEBUG  DEBUG o.h.t.BasicTypeRegistry: Adding type registration java.time.LocalDate -> org.hibernate.type.BasicTypeReference@4dc52559
2025-04-12 21:05:58,749 DEBUG  DEBUG o.h.t.BasicTypeRegistry: Adding type registration LocalTime -> org.hibernate.type.BasicTypeReference@5c3d4f05
2025-04-12 21:05:58,749 DEBUG  DEBUG o.p.j.PgConnection:   setDefaultFetchSize = 0
2025-04-12 21:05:58,749 DEBUG  DEBUG o.h.t.BasicTypeRegistry: Adding type registration java.time.LocalTime -> org.hibernate.type.BasicTypeReference@5c3d4f05
2025-04-12 21:05:58,749 DEBUG  DEBUG o.h.t.BasicTypeRegistry: Adding type registration OffsetDateTime -> org.hibernate.type.BasicTypeReference@119290b9
2025-04-12 21:05:58,749 DEBUG  DEBUG o.p.j.PgConnection:   setPrepareThreshold = 5
2025-04-12 21:05:58,749 DEBUG  DEBUG o.h.t.BasicTypeRegistry: Adding type registration java.time.OffsetDateTime -> org.hibernate.type.BasicTypeReference@119290b9
2025-04-12 21:05:58,750 DEBUG  DEBUG o.p.c.v.ConnectionFactoryImpl: Trying to establish a protocol version 3 connection to localhost:5432
2025-04-12 21:05:58,750 DEBUG  DEBUG o.h.t.BasicTypeRegistry: Adding type registration OffsetDateTimeWithTimezone -> org.hibernate.type.BasicTypeReference@640d604
2025-04-12 21:05:58,750 DEBUG  DEBUG o.h.t.BasicTypeRegistry: Adding type registration OffsetDateTimeWithoutTimezone -> org.hibernate.type.BasicTypeReference@62cbc478
2025-04-12 21:05:58,750 DEBUG  DEBUG o.h.t.BasicTypeRegistry: Adding type registration OffsetTime -> org.hibernate.type.BasicTypeReference@5438fa43
2025-04-12 21:05:58,750 DEBUG  DEBUG o.h.t.BasicTypeRegistry: Adding type registration java.time.OffsetTime -> org.hibernate.type.BasicTypeReference@5438fa43
2025-04-12 21:05:58,750 DEBUG  DEBUG o.h.t.BasicTypeRegistry: Adding type registration OffsetTimeUtc -> org.hibernate.type.BasicTypeReference@512abf25
2025-04-12 21:05:58,751 DEBUG  DEBUG o.h.t.BasicTypeRegistry: Adding type registration OffsetTimeWithTimezone -> org.hibernate.type.BasicTypeReference@515ab3f2
2025-04-12 21:05:58,751 DEBUG  DEBUG o.h.t.BasicTypeRegistry: Adding type registration OffsetTimeWithoutTimezone -> org.hibernate.type.BasicTypeReference@6d0e45a5
2025-04-12 21:05:58,751 DEBUG  DEBUG o.h.t.BasicTypeRegistry: Adding type registration ZonedDateTime -> org.hibernate.type.BasicTypeReference@7e7740a5
2025-04-12 21:05:58,751 DEBUG  DEBUG o.h.t.BasicTypeRegistry: Adding type registration java.time.ZonedDateTime -> org.hibernate.type.BasicTypeReference@7e7740a5
2025-04-12 21:05:58,751 DEBUG  DEBUG o.h.t.BasicTypeRegistry: Adding type registration ZonedDateTimeWithTimezone -> org.hibernate.type.BasicTypeReference@7aa01bd9
2025-04-12 21:05:58,751 DEBUG  DEBUG o.h.t.BasicTypeRegistry: Adding type registration ZonedDateTimeWithoutTimezone -> org.hibernate.type.BasicTypeReference@7e61e25c
2025-04-12 21:05:58,751 DEBUG  DEBUG o.h.t.BasicTypeRegistry: Adding type registration date -> org.hibernate.type.BasicTypeReference@615db358
2025-04-12 21:05:58,751 DEBUG  DEBUG o.h.t.BasicTypeRegistry: Adding type registration java.sql.Date -> org.hibernate.type.BasicTypeReference@615db358
2025-04-12 21:05:58,751 DEBUG  DEBUG o.h.t.BasicTypeRegistry: Adding type registration time -> org.hibernate.type.BasicTypeReference@256bb5be
2025-04-12 21:05:58,751 DEBUG  DEBUG o.h.t.BasicTypeRegistry: Adding type registration java.sql.Time -> org.hibernate.type.BasicTypeReference@256bb5be
2025-04-12 21:05:58,752 DEBUG  DEBUG o.h.t.BasicTypeRegistry: Adding type registration timestamp -> org.hibernate.type.BasicTypeReference@5fef0c19
2025-04-12 21:05:58,752 DEBUG  DEBUG o.h.t.BasicTypeRegistry: Adding type registration java.sql.Timestamp -> org.hibernate.type.BasicTypeReference@5fef0c19
2025-04-12 21:05:58,752 DEBUG  DEBUG o.p.c.v.ConnectionFactoryImpl: Receive Buffer Size is 65 536
2025-04-12 21:05:58,752 DEBUG  DEBUG o.p.c.v.ConnectionFactoryImpl: Send Buffer Size is 65 536
2025-04-12 21:05:58,753 DEBUG  DEBUG o.h.t.BasicTypeRegistry: Adding type registration java.util.Date -> org.hibernate.type.BasicTypeReference@5fef0c19
2025-04-12 21:05:58,753 DEBUG  DEBUG o.h.t.BasicTypeRegistry: Adding type registration calendar -> org.hibernate.type.BasicTypeReference@22a6d75c
2025-04-12 21:05:58,753 DEBUG  DEBUG o.h.t.BasicTypeRegistry: Adding type registration java.util.Calendar -> org.hibernate.type.BasicTypeReference@22a6d75c
2025-04-12 21:05:58,753 DEBUG  DEBUG o.h.t.BasicTypeRegistry: Adding type registration java.util.GregorianCalendar -> org.hibernate.type.BasicTypeReference@22a6d75c
2025-04-12 21:05:58,753 DEBUG  DEBUG o.h.t.BasicTypeRegistry: Adding type registration calendar_date -> org.hibernate.type.BasicTypeReference@5a9840f3
2025-04-12 21:05:58,753 DEBUG  DEBUG o.h.t.BasicTypeRegistry: Adding type registration calendar_time -> org.hibernate.type.BasicTypeReference@7d30007d
2025-04-12 21:05:58,753 DEBUG  DEBUG o.h.t.BasicTypeRegistry: Adding type registration instant -> org.hibernate.type.BasicTypeReference@382d71c7
2025-04-12 21:05:58,753 DEBUG  DEBUG o.h.t.BasicTypeRegistry: Adding type registration java.time.Instant -> org.hibernate.type.BasicTypeReference@382d71c7
2025-04-12 21:05:58,754 DEBUG  DEBUG o.h.t.BasicTypeRegistry: Adding type registration uuid -> org.hibernate.type.BasicTypeReference@2ca54da9
2025-04-12 21:05:58,754 DEBUG  DEBUG o.h.t.BasicTypeRegistry: Adding type registration java.util.UUID -> org.hibernate.type.BasicTypeReference@2ca54da9
2025-04-12 21:05:58,754 DEBUG  DEBUG o.h.t.BasicTypeRegistry: Adding type registration pg-uuid -> org.hibernate.type.BasicTypeReference@2ca54da9
2025-04-12 21:05:58,754 DEBUG  DEBUG o.h.t.BasicTypeRegistry: Adding type registration uuid-binary -> org.hibernate.type.BasicTypeReference@34a20f16
2025-04-12 21:05:58,754 DEBUG  DEBUG o.h.t.BasicTypeRegistry: Adding type registration uuid-char -> org.hibernate.type.BasicTypeReference@496cc217
2025-04-12 21:05:58,754 DEBUG  DEBUG o.h.t.BasicTypeRegistry: Adding type registration class -> org.hibernate.type.BasicTypeReference@1a1c21b4
2025-04-12 21:05:58,754 DEBUG  DEBUG o.h.t.BasicTypeRegistry: Adding type registration java.lang.Class -> org.hibernate.type.BasicTypeReference@1a1c21b4
2025-04-12 21:05:58,754 DEBUG  DEBUG o.h.t.BasicTypeRegistry: Adding type registration currency -> org.hibernate.type.BasicTypeReference@1cd2ff5b
2025-04-12 21:05:58,754 DEBUG  DEBUG o.h.t.BasicTypeRegistry: Adding type registration Currency -> org.hibernate.type.BasicTypeReference@1cd2ff5b
2025-04-12 21:05:58,754 DEBUG  DEBUG o.h.t.BasicTypeRegistry: Adding type registration java.util.Currency -> org.hibernate.type.BasicTypeReference@1cd2ff5b
2025-04-12 21:05:58,755 DEBUG  DEBUG o.h.t.BasicTypeRegistry: Adding type registration locale -> org.hibernate.type.BasicTypeReference@38ac8968
2025-04-12 21:05:58,755 DEBUG  DEBUG o.h.t.BasicTypeRegistry: Adding type registration java.util.Locale -> org.hibernate.type.BasicTypeReference@38ac8968
2025-04-12 21:05:58,755 DEBUG  DEBUG o.h.t.BasicTypeRegistry: Adding type registration serializable -> org.hibernate.type.BasicTypeReference@17ff8810
2025-04-12 21:05:58,755 DEBUG  DEBUG o.h.t.BasicTypeRegistry: Adding type registration java.io.Serializable -> org.hibernate.type.BasicTypeReference@17ff8810
2025-04-12 21:05:58,755 DEBUG  DEBUG o.h.t.BasicTypeRegistry: Adding type registration timezone -> org.hibernate.type.BasicTypeReference@6c951ada
2025-04-12 21:05:58,755 DEBUG  DEBUG o.h.t.BasicTypeRegistry: Adding type registration java.util.TimeZone -> org.hibernate.type.BasicTypeReference@6c951ada
2025-04-12 21:05:58,755 DEBUG  DEBUG o.h.t.BasicTypeRegistry: Adding type registration ZoneOffset -> org.hibernate.type.BasicTypeReference@67b61834
2025-04-12 21:05:58,755 DEBUG  DEBUG o.h.t.BasicTypeRegistry: Adding type registration java.time.ZoneOffset -> org.hibernate.type.BasicTypeReference@67b61834
2025-04-12 21:05:58,755 DEBUG  DEBUG o.h.t.BasicTypeRegistry: Adding type registration url -> org.hibernate.type.BasicTypeReference@3b0d3a63
2025-04-12 21:05:58,755 DEBUG  DEBUG o.h.t.BasicTypeRegistry: Adding type registration java.net.URL -> org.hibernate.type.BasicTypeReference@3b0d3a63
2025-04-12 21:05:58,755 DEBUG  DEBUG o.h.t.BasicTypeRegistry: Adding type registration vector -> org.hibernate.type.BasicTypeReference@50598a1a
2025-04-12 21:05:58,755 DEBUG  DEBUG o.h.t.BasicTypeRegistry: Adding type registration float_vector -> org.hibernate.type.BasicTypeReference@14de1901
2025-04-12 21:05:58,755 DEBUG  DEBUG o.h.t.BasicTypeRegistry: Adding type registration double_vector -> org.hibernate.type.BasicTypeReference@437ed416
2025-04-12 21:05:58,755 DEBUG  DEBUG o.h.t.BasicTypeRegistry: Adding type registration byte_vector -> org.hibernate.type.BasicTypeReference@11f23038
2025-04-12 21:05:58,755 DEBUG  DEBUG o.h.t.BasicTypeRegistry: Adding type registration row_version -> org.hibernate.type.BasicTypeReference@de77146
2025-04-12 21:05:58,759 DEBUG  DEBUG o.h.t.BasicTypeRegistry: Adding type registration object -> org.hibernate.type.JavaObjectType@675b18ff
2025-04-12 21:05:58,759 DEBUG  DEBUG o.h.t.BasicTypeRegistry: Adding type registration java.lang.Object -> org.hibernate.type.JavaObjectType@675b18ff
2025-04-12 21:05:58,760 DEBUG  DEBUG o.h.t.BasicTypeRegistry: Adding type registration null -> org.hibernate.type.NullType@6094de13
2025-04-12 21:05:58,760 DEBUG  DEBUG o.h.t.BasicTypeRegistry: Adding type registration imm_date -> org.hibernate.type.BasicTypeReference@bbb6f0
2025-04-12 21:05:58,760 DEBUG  DEBUG o.h.t.BasicTypeRegistry: Adding type registration imm_time -> org.hibernate.type.BasicTypeReference@3e6ec74
2025-04-12 21:05:58,760 DEBUG  DEBUG o.h.t.BasicTypeRegistry: Adding type registration imm_timestamp -> org.hibernate.type.BasicTypeReference@2bd8f7db
2025-04-12 21:05:58,760 DEBUG  DEBUG o.h.t.BasicTypeRegistry: Adding type registration imm_calendar -> org.hibernate.type.BasicTypeReference@6d7ad0f5
2025-04-12 21:05:58,761 DEBUG  DEBUG o.h.t.BasicTypeRegistry: Adding type registration imm_calendar_date -> org.hibernate.type.BasicTypeReference@30abf79c
2025-04-12 21:05:58,761 DEBUG  DEBUG o.h.t.BasicTypeRegistry: Adding type registration imm_calendar_time -> org.hibernate.type.BasicTypeReference@49a38b1
2025-04-12 21:05:58,761 DEBUG  DEBUG o.h.t.BasicTypeRegistry: Adding type registration imm_binary -> org.hibernate.type.BasicTypeReference@681061d6
2025-04-12 21:05:58,761 DEBUG  DEBUG o.h.t.BasicTypeRegistry: Adding type registration imm_serializable -> org.hibernate.type.BasicTypeReference@53d6e959
2025-04-12 21:05:58,801 DEBUG  DEBUG c.z.h.pool.PoolBase: HikariPool-1 - Established new connection (550efc9b-c8e7-4922-9c7a-88a50fc168ce)
2025-04-12 21:05:58,801 DEBUG  DEBUG c.z.h.p.HikariPool: HikariPool-1 - Added connection org.postgresql.jdbc.PgConnection@18464f8f
2025-04-12 21:05:58,825 DEBUG  DEBUG o.h.e.j.e.i.JdbcEnvironmentInitiator: Database ->
	   name : PostgreSQL
	version : 17.0
	  major : 17
	  minor : 0
2025-04-12 21:05:58,825 DEBUG  DEBUG o.h.e.j.e.i.JdbcEnvironmentInitiator: Driver ->
	   name : PostgreSQL JDBC Driver
	version : 42.7.5
	  major : 42
	  minor : 7
2025-04-12 21:05:58,826 DEBUG  DEBUG o.h.e.j.e.i.JdbcEnvironmentInitiator: JDBC version : 4.2
2025-04-12 21:05:58,838 DEBUG  DEBUG c.z.h.p.HikariPool: HikariPool-1 - After adding stats (total=5/5, idle=4/5, active=1, waiting=0)
2025-04-12 21:05:58,901 WARN   WARN  o.h.orm.deprecation: HHH90000025: PostgreSQLDialect does not need to be specified explicitly using 'hibernate.dialect' (remove the property setting and it will be selected by default)
2025-04-12 21:05:58,906 DEBUG  DEBUG o.h.orm.dialect: HHH035001: Using dialect: org.hibernate.dialect.PostgreSQLDialect, version: 17.0
2025-04-12 21:05:58,914 DEBUG  DEBUG o.h.e.j.e.s.IdentifierHelperBuilder: JDBC driver metadata reported database stores quoted identifiers in neither upper, lower nor mixed case
2025-04-12 21:05:58,921 DEBUG  DEBUG o.h.orm.jdbc.lob: HHH10010004: Disabling contextual LOB creation as Dialect reported it is not supported
2025-04-12 21:05:58,930 INFO   INFO  o.h.o.c.pooling: HHH10001005: Database info:
	Database JDBC URL [Connecting through datasource 'HikariDataSource (HikariPool-1)']
	Database driver: undefined/unknown
	Database version: 17.0
	Autocommit mode: undefined/unknown
	Isolation level: undefined/unknown
	Minimum pool size: undefined/unknown
	Maximum pool size: undefined/unknown
2025-04-12 21:05:58,941 DEBUG  DEBUG o.h.t.d.s.s.DdlTypeRegistry: addDescriptor(2003, org.hibernate.type.descriptor.sql.internal.ArrayDdlTypeImpl@5b742bc8) replaced previous registration(org.hibernate.type.descriptor.sql.internal.ArrayDdlTypeImpl@74fb5b59)
2025-04-12 21:05:58,942 DEBUG  DEBUG o.h.t.d.s.s.DdlTypeRegistry: addDescriptor(6, org.hibernate.type.descriptor.sql.internal.CapacityDependentDdlType@130a6eb9) replaced previous registration(org.hibernate.type.descriptor.sql.internal.DdlTypeImpl@722531ab)
2025-04-12 21:05:58,969 DEBUG  DEBUG o.h.t.d.j.s.JdbcTypeRegistry: addDescriptor(2004, BlobTypeDescriptor(BLOB_BINDING)) replaced previous registration(BlobTypeDescriptor(DEFAULT))
2025-04-12 21:05:58,969 DEBUG  DEBUG o.h.t.d.j.s.JdbcTypeRegistry: addDescriptor(2005, ClobTypeDescriptor(CLOB_BINDING)) replaced previous registration(ClobTypeDescriptor(DEFAULT))
2025-04-12 21:05:59,034 DEBUG  DEBUG o.h.t.BasicTypeRegistry: Adding type registration JAVA_OBJECT -> org.hibernate.type.JavaObjectType@4b4814d0
2025-04-12 21:05:59,034 DEBUG  DEBUG o.h.t.BasicTypeRegistry: Adding type registration java.lang.Object -> org.hibernate.type.JavaObjectType@4b4814d0
2025-04-12 21:05:59,034 DEBUG  DEBUG o.h.t.BasicTypeRegistry: Type registration key [java.lang.Object] overrode previous entry : `org.hibernate.type.JavaObjectType@675b18ff`
2025-04-12 21:05:59,046 DEBUG  DEBUG o.h.t.BasicTypeRegistry: Adding type registration org.hibernate.type.DurationType -> basicType@1(java.time.Duration,3015)
2025-04-12 21:05:59,047 DEBUG  DEBUG o.h.t.BasicTypeRegistry: Adding type registration Duration -> basicType@1(java.time.Duration,3015)
2025-04-12 21:05:59,047 DEBUG  DEBUG o.h.t.BasicTypeRegistry: Adding type registration java.time.Duration -> basicType@1(java.time.Duration,3015)
2025-04-12 21:05:59,053 DEBUG  DEBUG o.h.t.BasicTypeRegistry: Adding type registration org.hibernate.type.OffsetDateTimeType -> basicType@2(java.time.OffsetDateTime,3003)
2025-04-12 21:05:59,053 DEBUG  DEBUG o.h.t.BasicTypeRegistry: Adding type registration OffsetDateTime -> basicType@2(java.time.OffsetDateTime,3003)
2025-04-12 21:05:59,053 DEBUG  DEBUG o.h.t.BasicTypeRegistry: Adding type registration java.time.OffsetDateTime -> basicType@2(java.time.OffsetDateTime,3003)
2025-04-12 21:05:59,053 DEBUG  DEBUG o.h.t.BasicTypeRegistry: Adding type registration org.hibernate.type.ZonedDateTimeType -> basicType@3(java.time.ZonedDateTime,3003)
2025-04-12 21:05:59,053 DEBUG  DEBUG o.h.t.BasicTypeRegistry: Adding type registration ZonedDateTime -> basicType@3(java.time.ZonedDateTime,3003)
2025-04-12 21:05:59,053 DEBUG  DEBUG o.h.t.BasicTypeRegistry: Adding type registration java.time.ZonedDateTime -> basicType@3(java.time.ZonedDateTime,3003)
2025-04-12 21:05:59,055 DEBUG  DEBUG o.h.t.BasicTypeRegistry: Adding type registration org.hibernate.type.OffsetTimeType -> basicType@4(java.time.OffsetTime,3007)
2025-04-12 21:05:59,055 DEBUG  DEBUG o.h.t.BasicTypeRegistry: Adding type registration OffsetTime -> basicType@4(java.time.OffsetTime,3007)
2025-04-12 21:05:59,055 DEBUG  DEBUG o.h.t.BasicTypeRegistry: Adding type registration java.time.OffsetTime -> basicType@4(java.time.OffsetTime,3007)
2025-04-12 21:05:59,057 DEBUG  DEBUG o.h.t.s.TypeConfiguration$Scope: Scoping TypeConfiguration [org.hibernate.type.spi.TypeConfiguration@307af381] to MetadataBuildingContext [org.hibernate.boot.internal.MetadataBuildingContextRootImpl@1510b9a2]
2025-04-12 21:05:59,112 DEBUG  DEBUG o.h.b.m.r.Namespace: Created database namespace [logicalName=Name{catalog=null, schema=null}, physicalName=Name{catalog=null, schema=null}]
2025-04-12 21:05:59,154 DEBUG  DEBUG o.h.b.m.i.EntityBinder: Binding entity from annotated class: ru.senla.socialnetwork.model.User
2025-04-12 21:05:59,167 DEBUG  DEBUG o.h.b.m.i.EntityBinder: Import with entity name User
2025-04-12 21:05:59,184 DEBUG  DEBUG o.h.b.m.i.EntityBinder: Bind entity ru.senla.socialnetwork.model.User on table users
2025-04-12 21:05:59,201 DEBUG  DEBUG o.h.b.m.i.AnnotatedColumn: Binding column: AnnotatedDiscriminatorColumn(column='DTYPE')
2025-04-12 21:05:59,230 DEBUG  DEBUG o.h.b.m.i.AnnotatedColumn: Binding column: AnnotatedColumn(column='id')
2025-04-12 21:05:59,233 DEBUG  DEBUG o.h.b.i.ClassLoaderAccessImpl: Not known whether passed class name [ru.senla.socialnetwork.model.User] is safe
2025-04-12 21:05:59,234 DEBUG  DEBUG o.h.b.i.ClassLoaderAccessImpl: No temp ClassLoader provided; using live ClassLoader for loading potentially unsafe class : ru.senla.socialnetwork.model.User
2025-04-12 21:05:59,239 DEBUG  DEBUG o.h.b.m.i.PropertyBinder: MetadataSourceProcessor property id with lazy=false
2025-04-12 21:05:59,247 DEBUG  DEBUG o.h.b.m.i.AbstractPropertyHolder: Attempting to locate auto-apply AttributeConverter for property [ru.senla.socialnetwork.model.User:id]
2025-04-12 21:05:59,251 DEBUG  DEBUG o.h.b.m.i.BasicValueBinder: building BasicValue for id
2025-04-12 21:05:59,256 DEBUG  DEBUG o.h.m.BasicValue: Skipping column re-registration: users.id
2025-04-12 21:05:59,257 DEBUG  DEBUG o.h.b.m.i.PropertyBinder: Building property id
2025-04-12 21:05:59,263 DEBUG  DEBUG o.h.b.m.i.BinderHelper: #makeIdGenerator(BasicValue([Column(id)]), id, identity, , ...)
2025-04-12 21:05:59,265 DEBUG  DEBUG o.h.b.m.i.AnnotatedColumn: Binding column: AnnotatedColumn(column='about_me')
2025-04-12 21:05:59,266 DEBUG  DEBUG o.h.b.m.i.PropertyBinder: MetadataSourceProcessor property aboutMe with lazy=false
2025-04-12 21:05:59,266 DEBUG  DEBUG o.h.b.m.i.AbstractPropertyHolder: Attempting to locate auto-apply AttributeConverter for property [ru.senla.socialnetwork.model.User:aboutMe]
2025-04-12 21:05:59,266 DEBUG  DEBUG o.h.b.m.i.BasicValueBinder: building BasicValue for aboutMe
2025-04-12 21:05:59,266 DEBUG  DEBUG o.h.m.BasicValue: Skipping column re-registration: users.about_me
2025-04-12 21:05:59,267 DEBUG  DEBUG o.h.b.m.i.PropertyBinder: Building property aboutMe
2025-04-12 21:05:59,268 DEBUG  DEBUG o.h.b.m.i.AnnotatedColumn: Binding column: AnnotatedColumn(column='birthdate')
2025-04-12 21:05:59,268 DEBUG  DEBUG o.h.b.m.i.PropertyBinder: MetadataSourceProcessor property birthDate with lazy=false
2025-04-12 21:05:59,268 DEBUG  DEBUG o.h.b.m.i.AbstractPropertyHolder: Attempting to locate auto-apply AttributeConverter for property [ru.senla.socialnetwork.model.User:birthDate]
2025-04-12 21:05:59,268 DEBUG  DEBUG o.h.b.m.i.BasicValueBinder: building BasicValue for birthDate
2025-04-12 21:05:59,269 DEBUG  DEBUG o.h.m.BasicValue: Skipping column re-registration: users.birthdate
2025-04-12 21:05:59,269 DEBUG  DEBUG o.h.b.m.i.PropertyBinder: Building property birthDate
2025-04-12 21:05:59,274 DEBUG  DEBUG o.h.b.m.i.AnnotatedColumn: Binding column: AnnotatedColumn(column='mail')
2025-04-12 21:05:59,274 DEBUG  DEBUG o.h.b.m.i.PropertyBinder: MetadataSourceProcessor property email with lazy=false
2025-04-12 21:05:59,274 DEBUG  DEBUG o.h.b.m.i.AbstractPropertyHolder: Attempting to locate auto-apply AttributeConverter for property [ru.senla.socialnetwork.model.User:email]
2025-04-12 21:05:59,275 DEBUG  DEBUG o.h.b.m.i.BasicValueBinder: building BasicValue for email
2025-04-12 21:05:59,275 DEBUG  DEBUG o.h.m.BasicValue: Skipping column re-registration: users.mail
2025-04-12 21:05:59,275 DEBUG  DEBUG o.h.b.m.i.PropertyBinder: Building property email
2025-04-12 21:05:59,276 DEBUG  DEBUG o.h.b.m.i.AnnotatedColumn: Binding column: AnnotatedColumn(column='firstname')
2025-04-12 21:05:59,276 DEBUG  DEBUG o.h.b.m.i.PropertyBinder: MetadataSourceProcessor property firstName with lazy=false
2025-04-12 21:05:59,276 DEBUG  DEBUG o.h.b.m.i.AbstractPropertyHolder: Attempting to locate auto-apply AttributeConverter for property [ru.senla.socialnetwork.model.User:firstName]
2025-04-12 21:05:59,276 DEBUG  DEBUG o.h.b.m.i.BasicValueBinder: building BasicValue for firstName
2025-04-12 21:05:59,276 DEBUG  DEBUG o.h.m.BasicValue: Skipping column re-registration: users.firstname
2025-04-12 21:05:59,276 DEBUG  DEBUG o.h.b.m.i.PropertyBinder: Building property firstName
2025-04-12 21:05:59,278 DEBUG  DEBUG o.h.b.m.i.AnnotatedColumn: Binding column: AnnotatedColumn(column='gender')
2025-04-12 21:05:59,278 DEBUG  DEBUG o.h.b.m.i.PropertyBinder: MetadataSourceProcessor property gender with lazy=false
2025-04-12 21:05:59,278 DEBUG  DEBUG o.h.b.m.i.AbstractPropertyHolder: Attempting to locate auto-apply AttributeConverter for property [ru.senla.socialnetwork.model.User:gender]
2025-04-12 21:05:59,278 DEBUG  DEBUG o.h.b.m.i.BasicValueBinder: building BasicValue for gender
2025-04-12 21:05:59,278 DEBUG  DEBUG o.h.m.BasicValue: Skipping column re-registration: users.gender
2025-04-12 21:05:59,279 DEBUG  DEBUG o.h.b.m.i.PropertyBinder: Building property gender
2025-04-12 21:05:59,279 DEBUG  DEBUG o.h.b.m.i.AnnotatedColumn: Binding column: AnnotatedColumn(column='lastname')
2025-04-12 21:05:59,279 DEBUG  DEBUG o.h.b.m.i.PropertyBinder: MetadataSourceProcessor property lastName with lazy=false
2025-04-12 21:05:59,279 DEBUG  DEBUG o.h.b.m.i.AbstractPropertyHolder: Attempting to locate auto-apply AttributeConverter for property [ru.senla.socialnetwork.model.User:lastName]
2025-04-12 21:05:59,279 DEBUG  DEBUG o.h.b.m.i.BasicValueBinder: building BasicValue for lastName
2025-04-12 21:05:59,279 DEBUG  DEBUG o.h.m.BasicValue: Skipping column re-registration: users.lastname
2025-04-12 21:05:59,279 DEBUG  DEBUG o.h.b.m.i.PropertyBinder: Building property lastName
2025-04-12 21:05:59,279 DEBUG  DEBUG o.h.b.m.i.AnnotatedColumn: Binding column: AnnotatedColumn(column='password')
2025-04-12 21:05:59,279 DEBUG  DEBUG o.h.b.m.i.PropertyBinder: MetadataSourceProcessor property password with lazy=false
2025-04-12 21:05:59,280 DEBUG  DEBUG o.h.b.m.i.AbstractPropertyHolder: Attempting to locate auto-apply AttributeConverter for property [ru.senla.socialnetwork.model.User:password]
2025-04-12 21:05:59,280 DEBUG  DEBUG o.h.b.m.i.BasicValueBinder: building BasicValue for password
2025-04-12 21:05:59,280 DEBUG  DEBUG o.h.m.BasicValue: Skipping column re-registration: users.password
2025-04-12 21:05:59,280 DEBUG  DEBUG o.h.b.m.i.PropertyBinder: Building property password
2025-04-12 21:05:59,280 DEBUG  DEBUG o.h.b.m.i.AnnotatedColumn: Binding column: AnnotatedColumn(column='registered_at')
2025-04-12 21:05:59,280 DEBUG  DEBUG o.h.b.m.i.PropertyBinder: MetadataSourceProcessor property registeredAt with lazy=false
2025-04-12 21:05:59,280 DEBUG  DEBUG o.h.b.m.i.AbstractPropertyHolder: Attempting to locate auto-apply AttributeConverter for property [ru.senla.socialnetwork.model.User:registeredAt]
2025-04-12 21:05:59,280 DEBUG  DEBUG o.h.b.m.i.BasicValueBinder: building BasicValue for registeredAt
2025-04-12 21:05:59,280 DEBUG  DEBUG o.h.m.BasicValue: Skipping column re-registration: users.registered_at
2025-04-12 21:05:59,281 DEBUG  DEBUG o.h.b.m.i.PropertyBinder: Building property registeredAt
2025-04-12 21:05:59,281 DEBUG  DEBUG o.h.b.m.i.AnnotatedColumn: Binding column: AnnotatedColumn(column='role')
2025-04-12 21:05:59,281 DEBUG  DEBUG o.h.b.m.i.PropertyBinder: MetadataSourceProcessor property role with lazy=false
2025-04-12 21:05:59,281 DEBUG  DEBUG o.h.b.m.i.AbstractPropertyHolder: Attempting to locate auto-apply AttributeConverter for property [ru.senla.socialnetwork.model.User:role]
2025-04-12 21:05:59,281 DEBUG  DEBUG o.h.b.m.i.BasicValueBinder: building BasicValue for role
2025-04-12 21:05:59,282 DEBUG  DEBUG o.h.m.BasicValue: Skipping column re-registration: users.role
2025-04-12 21:05:59,282 DEBUG  DEBUG o.h.b.m.i.PropertyBinder: Building property role
2025-04-12 21:05:59,284 DEBUG  DEBUG o.h.b.r.c.i.ClassLoaderServiceImpl: HHH000194: Package not found or no package-info.java: ru.senla.socialnetwork.model
2025-04-12 21:05:59,290 DEBUG  DEBUG o.h.b.m.i.BasicValueBinder: Starting `BasicValueBinder#fillSimpleValue` for id
2025-04-12 21:05:59,294 DEBUG  DEBUG o.h.b.m.i.BasicValueBinder: Starting `BasicValueBinder#fillSimpleValue` for aboutMe
2025-04-12 21:05:59,294 DEBUG  DEBUG o.h.b.m.i.BasicValueBinder: Starting `BasicValueBinder#fillSimpleValue` for birthDate
2025-04-12 21:05:59,294 DEBUG  DEBUG o.h.b.m.i.BasicValueBinder: Starting `BasicValueBinder#fillSimpleValue` for email
2025-04-12 21:05:59,294 DEBUG  DEBUG o.h.b.m.i.BasicValueBinder: Starting `BasicValueBinder#fillSimpleValue` for firstName
2025-04-12 21:05:59,294 DEBUG  DEBUG o.h.b.m.i.BasicValueBinder: Starting `BasicValueBinder#fillSimpleValue` for gender
2025-04-12 21:05:59,297 DEBUG  DEBUG o.h.b.m.i.BasicValueBinder: Starting `BasicValueBinder#fillSimpleValue` for lastName
2025-04-12 21:05:59,297 DEBUG  DEBUG o.h.b.m.i.BasicValueBinder: Starting `BasicValueBinder#fillSimpleValue` for password
2025-04-12 21:05:59,298 DEBUG  DEBUG o.h.b.m.i.BasicValueBinder: Starting `BasicValueBinder#fillSimpleValue` for registeredAt
2025-04-12 21:05:59,298 DEBUG  DEBUG o.h.b.m.i.BasicValueBinder: Starting `BasicValueBinder#fillSimpleValue` for role
2025-04-12 21:05:59,303 DEBUG  DEBUG o.h.m.PrimaryKey: Forcing column [id] to be non-null as it is part of the primary key for table [users]
2025-04-12 21:05:59,626 DEBUG  DEBUG o.h.i.SessionFactoryImpl: Building session factory
2025-04-12 21:05:59,681 DEBUG  DEBUG o.h.s.i.SessionFactoryServiceRegistryImpl: EventListenerRegistry access via ServiceRegistry is deprecated.  Use `sessionFactory.getEventEngine().getListenerRegistry()` instead
[...]
      Matched:
         - @ConditionalOnClass found required class 'org.springframework.security.authentication.AuthenticationManager' (OnClassCondition)
         - found 'session' scope (OnWebApplicationCondition)
         - AnyNestedCondition 1 matched 2 did not; NestedCondition on UserDetailsServiceAutoConfiguration.MissingAlternativeOrUserPropertiesConfigured.PasswordConfigured @ConditionalOnProperty (spring.security.user.password) did not find property 'password'; NestedCondition on UserDetailsServiceAutoConfiguration.MissingAlternativeOrUserPropertiesConfigured.NameConfigured @ConditionalOnProperty (spring.security.user.name) did not find property 'name'; NestedCondition on UserDetailsServiceAutoConfiguration.MissingAlternativeOrUserPropertiesConfigured.MissingAlternative @ConditionalOnMissingClass did not find unwanted classes 'org.springframework.security.oauth2.client.registration.ClientRegistrationRepository', 'org.springframework.security.oauth2.server.resource.introspection.OpaqueTokenIntrospector', 'org.springframework.security.saml2.provider.service.registration.RelyingPartyRegistrationRepository' (UserDetailsServiceAutoConfiguration.MissingAlternativeOrUserPropertiesConfigured)

   WebClientAutoConfiguration:
      Did not match:
         - @ConditionalOnClass did not find required class 'org.springframework.web.reactive.function.client.WebClient' (OnClassCondition)

   WebFluxAutoConfiguration:
      Did not match:
         - @ConditionalOnClass did not find required class 'org.springframework.web.reactive.config.WebFluxConfigurer' (OnClassCondition)

   WebMvcAutoConfiguration#hiddenHttpMethodFilter:
      Did not match:
         - @ConditionalOnProperty (spring.mvc.hiddenmethod.filter.enabled) did not find property 'enabled' (OnPropertyCondition)

   WebMvcAutoConfiguration.ProblemDetailsErrorHandlingConfiguration:
      Did not match:
         - @ConditionalOnProperty (spring.mvc.problemdetails.enabled=true) did not find property 'enabled' (OnPropertyCondition)

   WebMvcAutoConfiguration.ResourceChainCustomizerConfiguration:
      Did not match:
         - @ConditionalOnEnabledResourceChain did not find class org.webjars.WebJarVersionLocator (OnEnabledResourceChainCondition)

   WebMvcAutoConfiguration.WebMvcAutoConfigurationAdapter#beanNameViewResolver:
      Did not match:
         - @ConditionalOnMissingBean (types: org.springframework.web.servlet.view.BeanNameViewResolver; SearchStrategy: all) found beans of type 'org.springframework.web.servlet.view.BeanNameViewResolver' beanNameViewResolver (OnBeanCondition)

   WebServiceTemplateAutoConfiguration:
      Did not match:
         - @ConditionalOnClass did not find required class 'org.springframework.oxm.Marshaller' (OnClassCondition)

   WebServicesAutoConfiguration:
      Did not match:
         - @ConditionalOnClass did not find required class 'org.springframework.ws.transport.http.MessageDispatcherServlet' (OnClassCondition)

   WebSessionIdResolverAutoConfiguration:
      Did not match:
         - @ConditionalOnClass did not find required class 'reactor.core.publisher.Mono' (OnClassCondition)

   WebSocketMessagingAutoConfiguration:
      Did not match:
         - @ConditionalOnClass did not find required class 'org.springframework.web.socket.config.annotation.WebSocketMessageBrokerConfigurer' (OnClassCondition)

   WebSocketReactiveAutoConfiguration:
      Did not match:
         - @ConditionalOnWebApplication did not find reactive web application classes (OnWebApplicationCondition)

   WebSocketServletAutoConfiguration.JettyWebSocketConfiguration:
      Did not match:
         - @ConditionalOnClass did not find required class 'org.eclipse.jetty.ee10.websocket.jakarta.server.config.JakartaWebSocketServletContainerInitializer' (OnClassCondition)

   WebSocketServletAutoConfiguration.UndertowWebSocketConfiguration:
      Did not match:
         - @ConditionalOnClass did not find required class 'io.undertow.websockets.jsr.Bootstrap' (OnClassCondition)

   XADataSourceAutoConfiguration:
      Did not match:
         - @ConditionalOnBean (types: org.springframework.boot.jdbc.XADataSourceWrapper; SearchStrategy: all) did not find any beans of type org.springframework.boot.jdbc.XADataSourceWrapper (OnBeanCondition)
      Matched:
         - @ConditionalOnClass found required classes 'javax.sql.DataSource', 'jakarta.transaction.TransactionManager', 'org.springframework.jdbc.datasource.embedded.EmbeddedDatabaseType' (OnClassCondition)


Exclusions:
-----------

    org.springframework.boot.autoconfigure.security.servlet.SecurityAutoConfiguration

    org.springframework.boot.autoconfigure.orm.jpa.HibernateJpaAutoConfiguration


Unconditional classes:
----------------------

    org.springframework.boot.autoconfigure.context.ConfigurationPropertiesAutoConfiguration

    org.springframework.boot.autoconfigure.ssl.SslAutoConfiguration

    org.springframework.boot.autoconfigure.context.LifecycleAutoConfiguration

    org.springframework.boot.autoconfigure.context.PropertyPlaceholderAutoConfiguration

    org.springframework.boot.autoconfigure.availability.ApplicationAvailabilityAutoConfiguration

    org.springframework.boot.autoconfigure.info.ProjectInfoAutoConfiguration



2025-04-12 21:06:01,636 INFO   INFO  r.s.s.SenlaProjectApplicationTests: Started SenlaProjectApplicationTests in 5.811 seconds (process running for 10.964)
2025-04-12 21:06:01,640 DEBUG  DEBUG o.s.b.a.ApplicationAvailabilityBean: Application availability state LivenessState changed to CORRECT
2025-04-12 21:06:01,649 DEBUG  DEBUG o.s.b.a.ApplicationAvailabilityBean: Application availability state ReadinessState changed to ACCEPTING_TRAFFIC
2025-04-12 21:06:01,673 DEBUG  DEBUG o.s.t.context.cache: Spring test ApplicationContext cache statistics: [DefaultContextCache@453e1bba size = 1, maxSize = 32, parentContextCount = 0, hitCount = 0, missCount = 1, failureCount = 0]
2025-04-12 21:06:01,674 DEBUG  DEBUG o.s.t.c.w.ServletTestExecutionListener: Setting up MockHttpServletRequest, MockHttpServletResponse, ServletWebRequest, and RequestContextHolder for test class ru.senla.socialnetwork.SenlaProjectApplicationTests
2025-04-12 21:06:01,688 DEBUG  DEBUG o.s.t.c.s.DependencyInjectionTestExecutionListener: Performing dependency injection for test class ru.senla.socialnetwork.SenlaProjectApplicationTests
2025-04-12 21:06:01,688 DEBUG  DEBUG o.s.t.context.cache: Spring test ApplicationContext cache statistics: [DefaultContextCache@453e1bba size = 1, maxSize = 32, parentContextCount = 0, hitCount = 1, missCount = 1, failureCount = 0]
2025-04-12 21:06:01,689 DEBUG  DEBUG o.s.t.context.cache: Spring test ApplicationContext cache statistics: [DefaultContextCache@453e1bba size = 1, maxSize = 32, parentContextCount = 0, hitCount = 2, missCount = 1, failureCount = 0]
2025-04-12 21:06:01,694 DEBUG  DEBUG o.s.t.c.s.DirtiesContextBeforeModesTestExecutionListener: Before test method: class [SenlaProjectApplicationTests], method [contextLoads], class annotated with @DirtiesContext [false] with mode [null], method annotated with @DirtiesContext [false] with mode [null]
2025-04-12 21:06:01,696 DEBUG  DEBUG o.s.t.context.cache: Spring test ApplicationContext cache statistics: [DefaultContextCache@453e1bba size = 1, maxSize = 32, parentContextCount = 0, hitCount = 3, missCount = 1, failureCount = 0]
2025-04-12 21:06:01,696 DEBUG  DEBUG o.s.t.context.cache: Spring test ApplicationContext cache statistics: [DefaultContextCache@453e1bba size = 1, maxSize = 32, parentContextCount = 0, hitCount = 4, missCount = 1, failureCount = 0]
2025-04-12 21:06:01,737 DEBUG  DEBUG j.l.ProcessBuilder: ProcessBuilder.start(): pid: 22192, dir: null, cmd: "C:\Java\jdk-21\bin\java.exe"
java.lang.RuntimeException: ProcessBuilder.start() debug
	at java.base/java.lang.ProcessBuilder.start(ProcessBuilder.java:1147)
	at java.base/java.lang.ProcessBuilder.start(ProcessBuilder.java:1089)
	at net.bytebuddy.agent.ByteBuddyAgent.installExternal(ByteBuddyAgent.java:673)
	at net.bytebuddy.agent.ByteBuddyAgent.install(ByteBuddyAgent.java:604)
	at net.bytebuddy.agent.ByteBuddyAgent.install(ByteBuddyAgent.java:584)
	at net.bytebuddy.agent.ByteBuddyAgent.install(ByteBuddyAgent.java:536)
	at net.bytebuddy.agent.ByteBuddyAgent.install(ByteBuddyAgent.java:513)
	at org.mockito.internal.PremainAttachAccess.getInstrumentation(PremainAttachAccess.java:49)
	at org.mockito.internal.creation.bytebuddy.InlineDelegateByteBuddyMockMaker.<clinit>(InlineDelegateByteBuddyMockMaker.java:138)
	at org.mockito.internal.creation.bytebuddy.InlineByteBuddyMockMaker.<init>(InlineByteBuddyMockMaker.java:23)
	at java.base/jdk.internal.reflect.DirectConstructorHandleAccessor.newInstance(DirectConstructorHandleAccessor.java:62)
	at java.base/java.lang.reflect.Constructor.newInstanceWithCaller(Constructor.java:502)
	at java.base/java.lang.reflect.Constructor.newInstance(Constructor.java:486)
	at org.mockito.internal.configuration.plugins.DefaultMockitoPlugins.create(DefaultMockitoPlugins.java:103)
	at org.mockito.internal.configuration.plugins.DefaultMockitoPlugins.getDefaultPlugin(DefaultMockitoPlugins.java:79)
	at org.mockito.internal.configuration.plugins.PluginLoader.loadPlugin(PluginLoader.java:75)
	at org.mockito.internal.configuration.plugins.PluginLoader.loadPlugin(PluginLoader.java:49)
	at org.mockito.internal.configuration.plugins.PluginRegistry.<init>(PluginRegistry.java:29)
	at org.mockito.internal.configuration.plugins.Plugins.<clinit>(Plugins.java:26)
	at org.mockito.internal.MockitoCore.<clinit>(MockitoCore.java:71)
	at org.mockito.Mockito.<clinit>(Mockito.java:1741)
	at org.springframework.boot.test.mock.mockito.MockReset.get(MockReset.java:109)
	at org.springframework.boot.test.mock.mockito.ResetMocksTestExecutionListener.resetMocks(ResetMocksTestExecutionListener.java:89)
	at org.springframework.boot.test.mock.mockito.ResetMocksTestExecutionListener.resetMocks(ResetMocksTestExecutionListener.java:77)
	at org.springframework.boot.test.mock.mockito.ResetMocksTestExecutionListener.beforeTestMethod(ResetMocksTestExecutionListener.java:64)
	at org.springframework.test.context.TestContextManager.beforeTestMethod(TestContextManager.java:320)
	at org.springframework.test.context.junit.jupiter.SpringExtension.beforeEach(SpringExtension.java:237)
	at org.junit.jupiter.engine.descriptor.TestMethodTestDescriptor.lambda$invokeBeforeEachCallbacks$3(TestMethodTestDescriptor.java:166)
	at org.junit.jupiter.engine.descriptor.TestMethodTestDescriptor.lambda$invokeBeforeMethodsOrCallbacksUntilExceptionOccurs$7(TestMethodTestDescriptor.java:202)
	at org.junit.platform.engine.support.hierarchical.ThrowableCollector.execute(ThrowableCollector.java:73)
	at org.junit.jupiter.engine.descriptor.TestMethodTestDescriptor.invokeBeforeMethodsOrCallbacksUntilExceptionOccurs(TestMethodTestDescriptor.java:202)
	at org.junit.jupiter.engine.descriptor.TestMethodTestDescriptor.invokeBeforeEachCallbacks(TestMethodTestDescriptor.java:165)
	at org.junit.jupiter.engine.descriptor.TestMethodTestDescriptor.execute(TestMethodTestDescriptor.java:132)
	at org.junit.jupiter.engine.descriptor.TestMethodTestDescriptor.execute(TestMethodTestDescriptor.java:68)
	at org.junit.platform.engine.support.hierarchical.NodeTestTask.lambda$executeRecursively$6(NodeTestTask.java:156)
	at org.junit.platform.engine.support.hierarchical.ThrowableCollector.execute(ThrowableCollector.java:73)
	at org.junit.platform.engine.support.hierarchical.NodeTestTask.lambda$executeRecursively$8(NodeTestTask.java:146)
	at org.junit.platform.engine.support.hierarchical.Node.around(Node.java:137)
	at org.junit.platform.engine.support.hierarchical.NodeTestTask.lambda$executeRecursively$9(NodeTestTask.java:144)
	at org.junit.platform.engine.support.hierarchical.ThrowableCollector.execute(ThrowableCollector.java:73)
	at org.junit.platform.engine.support.hierarchical.NodeTestTask.executeRecursively(NodeTestTask.java:143)
	at org.junit.platform.engine.support.hierarchical.NodeTestTask.execute(NodeTestTask.java:100)
	at java.base/java.util.ArrayList.forEach(ArrayList.java:1596)
	at org.junit.platform.engine.support.hierarchical.SameThreadHierarchicalTestExecutorService.invokeAll(SameThreadHierarchicalTestExecutorService.java:41)
	at org.junit.platform.engine.support.hierarchical.NodeTestTask.lambda$executeRecursively$6(NodeTestTask.java:160)
	at org.junit.platform.engine.support.hierarchical.ThrowableCollector.execute(ThrowableCollector.java:73)
	at org.junit.platform.engine.support.hierarchical.NodeTestTask.lambda$executeRecursively$8(NodeTestTask.java:146)
	at org.junit.platform.engine.support.hierarchical.Node.around(Node.java:137)
	at org.junit.platform.engine.support.hierarchical.NodeTestTask.lambda$executeRecursively$9(NodeTestTask.java:144)
	at org.junit.platform.engine.support.hierarchical.ThrowableCollector.execute(ThrowableCollector.java:73)
	at org.junit.platform.engine.support.hierarchical.NodeTestTask.executeRecursively(NodeTestTask.java:143)
	at org.junit.platform.engine.support.hierarchical.NodeTestTask.execute(NodeTestTask.java:100)
	at java.base/java.util.ArrayList.forEach(ArrayList.java:1596)
	at org.junit.platform.engine.support.hierarchical.SameThreadHierarchicalTestExecutorService.invokeAll(SameThreadHierarchicalTestExecutorService.java:41)
	at org.junit.platform.engine.support.hierarchical.NodeTestTask.lambda$executeRecursively$6(NodeTestTask.java:160)
	at org.junit.platform.engine.support.hierarchical.ThrowableCollector.execute(ThrowableCollector.java:73)
	at org.junit.platform.engine.support.hierarchical.NodeTestTask.lambda$executeRecursively$8(NodeTestTask.java:146)
	at org.junit.platform.engine.support.hierarchical.Node.around(Node.java:137)
	at org.junit.platform.engine.support.hierarchical.NodeTestTask.lambda$executeRecursively$9(NodeTestTask.java:144)
	at org.junit.platform.engine.support.hierarchical.ThrowableCollector.execute(ThrowableCollector.java:73)
	at org.junit.platform.engine.support.hierarchical.NodeTestTask.executeRecursively(NodeTestTask.java:143)
	at org.junit.platform.engine.support.hierarchical.NodeTestTask.execute(NodeTestTask.java:100)
	at org.junit.platform.engine.support.hierarchical.SameThreadHierarchicalTestExecutorService.submit(SameThreadHierarchicalTestExecutorService.java:35)
	at org.junit.platform.engine.support.hierarchical.HierarchicalTestExecutor.execute(HierarchicalTestExecutor.java:57)
	at org.junit.platform.engine.support.hierarchical.HierarchicalTestEngine.execute(HierarchicalTestEngine.java:54)
	at org.junit.platform.launcher.core.EngineExecutionOrchestrator.execute(EngineExecutionOrchestrator.java:198)
	at org.junit.platform.launcher.core.EngineExecutionOrchestrator.execute(EngineExecutionOrchestrator.java:169)
	at org.junit.platform.launcher.core.EngineExecutionOrchestrator.execute(EngineExecutionOrchestrator.java:93)
	at org.junit.platform.launcher.core.EngineExecutionOrchestrator.lambda$execute$0(EngineExecutionOrchestrator.java:58)
	at org.junit.platform.launcher.core.EngineExecutionOrchestrator.withInterceptedStreams(EngineExecutionOrchestrator.java:141)
	at org.junit.platform.launcher.core.EngineExecutionOrchestrator.execute(EngineExecutionOrchestrator.java:57)
	at org.junit.platform.launcher.core.DefaultLauncher.execute(DefaultLauncher.java:103)
	at org.junit.platform.launcher.core.DefaultLauncher.execute(DefaultLauncher.java:85)
	at org.junit.platform.launcher.core.DelegatingLauncher.execute(DelegatingLauncher.java:47)
	at org.apache.maven.surefire.junitplatform.LazyLauncher.execute(LazyLauncher.java:56)
	at org.apache.maven.surefire.junitplatform.JUnitPlatformProvider.execute(JUnitPlatformProvider.java:184)
	at org.apache.maven.surefire.junitplatform.JUnitPlatformProvider.invokeAllTests(JUnitPlatformProvider.java:148)
	at org.apache.maven.surefire.junitplatform.JUnitPlatformProvider.invoke(JUnitPlatformProvider.java:122)
	at org.apache.maven.surefire.booter.ForkedBooter.runSuitesInProcess(ForkedBooter.java:385)
	at org.apache.maven.surefire.booter.ForkedBooter.execute(ForkedBooter.java:162)
	at org.apache.maven.surefire.booter.ForkedBooter.run(ForkedBooter.java:507)
	at org.apache.maven.surefire.booter.ForkedBooter.main(ForkedBooter.java:495)
2025-04-12 21:06:02,393 DEBUG  DEBUG o.s.t.context.cache: Spring test ApplicationContext cache statistics: [DefaultContextCache@453e1bba size = 1, maxSize = 32, parentContextCount = 0, hitCount = 5, missCount = 1, failureCount = 0]
2025-04-12 21:06:02,396 DEBUG  DEBUG o.s.t.context.cache: Spring test ApplicationContext cache statistics: [DefaultContextCache@453e1bba size = 1, maxSize = 32, parentContextCount = 0, hitCount = 6, missCount = 1, failureCount = 0]
2025-04-12 21:06:02,400 DEBUG  DEBUG o.s.t.context.cache: Spring test ApplicationContext cache statistics: [DefaultContextCache@453e1bba size = 1, maxSize = 32, parentContextCount = 0, hitCount = 7, missCount = 1, failureCount = 0]
2025-04-12 21:06:02,401 DEBUG  DEBUG o.s.t.context.cache: Spring test ApplicationContext cache statistics: [DefaultContextCache@453e1bba size = 1, maxSize = 32, parentContextCount = 0, hitCount = 8, missCount = 1, failureCount = 0]
2025-04-12 21:06:02,402 DEBUG  DEBUG o.s.t.context.cache: Spring test ApplicationContext cache statistics: [DefaultContextCache@453e1bba size = 1, maxSize = 32, parentContextCount = 0, hitCount = 9, missCount = 1, failureCount = 0]
2025-04-12 21:06:02,403 DEBUG  DEBUG o.s.t.context.cache: Spring test ApplicationContext cache statistics: [DefaultContextCache@453e1bba size = 1, maxSize = 32, parentContextCount = 0, hitCount = 10, missCount = 1, failureCount = 0]
2025-04-12 21:06:02,405 DEBUG  DEBUG o.s.t.context.cache: Spring test ApplicationContext cache statistics: [DefaultContextCache@453e1bba size = 1, maxSize = 32, parentContextCount = 0, hitCount = 11, missCount = 1, failureCount = 0]
2025-04-12 21:06:02,409 DEBUG  DEBUG o.s.t.context.cache: Spring test ApplicationContext cache statistics: [DefaultContextCache@453e1bba size = 1, maxSize = 32, parentContextCount = 0, hitCount = 12, missCount = 1, failureCount = 0]
2025-04-12 21:06:02,410 DEBUG  DEBUG o.s.t.context.cache: Spring test ApplicationContext cache statistics: [DefaultContextCache@453e1bba size = 1, maxSize = 32, parentContextCount = 0, hitCount = 13, missCount = 1, failureCount = 0]
2025-04-12 21:06:02,418 DEBUG  DEBUG o.s.t.context.cache: Spring test ApplicationContext cache statistics: [DefaultContextCache@453e1bba size = 1, maxSize = 32, parentContextCount = 0, hitCount = 14, missCount = 1, failureCount = 0]
2025-04-12 21:06:02,419 DEBUG  DEBUG o.s.t.c.s.DirtiesContextTestExecutionListener: After test method: class [SenlaProjectApplicationTests], method [contextLoads], class annotated with @DirtiesContext [false] with mode [null], method annotated with @DirtiesContext [false] with mode [null]
2025-04-12 21:06:02,419 DEBUG  DEBUG o.s.t.c.w.ServletTestExecutionListener: Resetting RequestContextHolder for test class ru.senla.socialnetwork.SenlaProjectApplicationTests
]]></system-out>
    <system-err><![CDATA[Mockito is currently self-attaching to enable the inline-mock-maker. This will no longer work in future releases of the JDK. Please add Mockito as an agent to your build what is described in Mockito's documentation: https://javadoc.io/doc/org.mockito/mockito-core/latest/org/mockito/Mockito.html#0.3
WARNING: A Java agent has been loaded dynamically (C:\Users\Äàíèèë\.m2\repository\net\bytebuddy\byte-buddy-agent\1.15.11\byte-buddy-agent-1.15.11.jar)
WARNING: If a serviceability tool is in use, please run with -XX:+EnableDynamicAgentLoading to hide this warning
WARNING: If a serviceability tool is not in use, please run with -Djdk.instrument.traceUsage for more information
WARNING: Dynamic loading of agents will be disallowed by default in a future release
]]></system-err>
  </testcase>
</testsuite>